TN:
SF:components/ConversationItem.tsx
FN:17,ConversationItem
FNF:1
FNH:1
FNDA:7,ConversationItem
DA:26,7
DA:71,1
LF:2
LH:2
BRDA:22,0,0,6
BRDA:23,1,0,6
BRDA:35,2,0,1
BRDA:35,2,1,6
BRDA:39,3,0,7
BRDA:39,3,1,1
BRDA:54,4,0,7
BRDA:54,4,1,3
BRDA:58,5,0,7
BRDA:58,5,1,3
BRDA:61,6,0,1
BRDA:61,6,1,2
BRF:12
BRH:12
end_of_record
TN:
SF:components/ErrorBoundary.tsx
FN:18,(anonymous_0)
FN:23,(anonymous_1)
FN:27,(anonymous_2)
FN:46,(anonymous_3)
FN:50,(anonymous_4)
FN:60,(anonymous_5)
FN:209,(anonymous_6)
FN:210,(anonymous_7)
FNF:8
FNH:7
FNDA:21,(anonymous_0)
FNDA:22,(anonymous_1)
FNDA:11,(anonymous_2)
FNDA:1,(anonymous_3)
FNDA:0,(anonymous_4)
FNDA:56,(anonymous_5)
FNDA:3,(anonymous_6)
FNDA:2,(anonymous_7)
DA:19,21
DA:20,21
DA:24,22
DA:29,11
DA:35,11
DA:36,1
DA:40,11
DA:46,21
DA:47,1
DA:50,21
DA:51,0
DA:52,0
DA:61,56
DA:63,33
DA:64,3
DA:68,30
DA:106,23
DA:110,1
DA:209,1
DA:210,3
DA:211,2
DA:214,3
LF:22
LH:20
BRDA:35,0,0,1
BRDA:35,0,1,10
BRDA:51,1,0,0
BRDA:51,1,1,0
BRDA:61,2,0,33
BRDA:61,2,1,23
BRDA:63,3,0,3
BRDA:63,3,1,30
BRDA:91,4,0,30
BRDA:91,4,1,27
BRDA:91,4,2,27
BRDA:95,5,0,27
BRDA:95,5,1,9
BRF:13
BRH:11
end_of_record
TN:
SF:components/MessageItem.tsx
FN:16,MessageItem
FNF:1
FNH:1
FNDA:6,MessageItem
DA:24,6
DA:72,1
LF:2
LH:2
BRDA:21,0,0,5
BRDA:28,1,0,3
BRDA:28,1,1,3
BRDA:33,2,0,6
BRDA:33,2,1,3
BRDA:39,3,0,3
BRDA:39,3,1,3
BRDA:43,4,0,3
BRDA:43,4,1,3
BRDA:51,5,0,3
BRDA:51,5,1,3
BRDA:54,6,0,6
BRDA:54,6,1,3
BRDA:57,7,0,0
BRDA:57,7,1,3
BRDA:58,8,0,3
BRDA:58,8,1,0
BRDA:59,9,0,0
BRDA:59,9,1,0
BRDA:63,10,0,0
BRDA:63,10,1,3
BRF:21
BRH:16
end_of_record
TN:
SF:components/Themed.tsx
FN:19,useThemeColor
FN:33,Text
FN:40,View
FNF:3
FNH:3
FNDA:189,useThemeColor
FNDA:59,Text
FNDA:112,View
DA:23,189
DA:24,189
DA:26,189
DA:27,10
DA:29,179
DA:34,59
DA:35,59
DA:37,59
DA:41,112
DA:42,112
DA:44,112
LF:11
LH:11
BRDA:23,0,0,189
BRDA:23,0,1,6
BRDA:26,1,0,10
BRDA:26,1,1,179
BRF:4
BRH:4
end_of_record
TN:
SF:components/useColorScheme.ts
FNF:0
FNH:0
LF:0
LH:0
BRF:0
BRH:0
end_of_record
TN:
SF:components/useColorScheme.web.ts
FN:6,useColorScheme
FNF:1
FNH:1
FNDA:42,useColorScheme
DA:7,42
LF:1
LH:1
BRF:0
BRH:0
end_of_record
TN:
SF:components/group/GroupMembersModal.tsx
FN:20,GroupMembersModal
FN:27,(anonymous_1)
FN:67,(anonymous_2)
FN:70,(anonymous_3)
FNF:4
FNH:3
FNDA:8,GroupMembersModal
FNDA:13,(anonymous_1)
FNDA:13,(anonymous_2)
FNDA:0,(anonymous_3)
DA:27,8
DA:28,13
DA:38,8
DA:67,13
DA:71,0
DA:85,1
LF:6
LH:5
BRDA:47,0,0,1
BRDA:47,0,1,7
BRDA:60,1,0,7
BRDA:60,1,1,1
BRF:4
BRH:4
end_of_record
TN:
SF:components/onboarding/OnboardingContainer.tsx
FN:40,OnboardingContainer
FN:49,(anonymous_1)
FN:55,(anonymous_2)
FN:62,(anonymous_3)
FN:62,(anonymous_4)
FN:70,(anonymous_5)
FN:76,(anonymous_6)
FN:82,(anonymous_7)
FN:88,(anonymous_8)
FN:93,(anonymous_9)
FN:223,(anonymous_10)
FN:248,(anonymous_11)
FN:279,(anonymous_12)
FN:283,(anonymous_13)
FN:296,(anonymous_14)
FN:303,(anonymous_15)
FN:309,(anonymous_16)
FN:310,(anonymous_17)
FN:316,(anonymous_18)
FN:317,(anonymous_19)
FN:336,(anonymous_20)
FN:344,(anonymous_21)
FN:352,(anonymous_22)
FN:362,(anonymous_23)
FNF:24
FNH:15
FNDA:25,OnboardingContainer
FNDA:6,(anonymous_1)
FNDA:6,(anonymous_2)
FNDA:6,(anonymous_3)
FNDA:48,(anonymous_4)
FNDA:3,(anonymous_5)
FNDA:1,(anonymous_6)
FNDA:1,(anonymous_7)
FNDA:1,(anonymous_8)
FNDA:1,(anonymous_9)
FNDA:0,(anonymous_10)
FNDA:0,(anonymous_11)
FNDA:0,(anonymous_12)
FNDA:0,(anonymous_13)
FNDA:25,(anonymous_14)
FNDA:4,(anonymous_15)
FNDA:4,(anonymous_16)
FNDA:0,(anonymous_17)
FNDA:4,(anonymous_18)
FNDA:0,(anonymous_19)
FNDA:1,(anonymous_20)
FNDA:0,(anonymous_21)
FNDA:0,(anonymous_22)
FNDA:0,(anonymous_23)
DA:41,25
DA:42,25
DA:43,25
DA:44,25
DA:45,25
DA:46,25
DA:49,25
DA:50,6
DA:51,6
DA:54,25
DA:55,6
DA:61,25
DA:62,48
DA:66,25
DA:70,25
DA:71,3
DA:72,3
DA:73,3
DA:76,25
DA:77,1
DA:78,1
DA:79,1
DA:82,25
DA:83,1
DA:84,1
DA:85,1
DA:88,25
DA:89,1
DA:90,1
DA:93,25
DA:94,1
DA:96,1
DA:98,1
DA:99,1
DA:102,1
DA:104,0
DA:105,0
DA:106,0
DA:109,0
DA:110,0
DA:111,0
DA:114,0
DA:117,0
DA:125,0
DA:127,0
DA:128,0
DA:131,0
DA:133,0
DA:135,0
DA:142,0
DA:149,0
DA:150,0
DA:151,0
DA:154,0
DA:155,0
DA:158,0
DA:160,0
DA:169,0
DA:175,0
DA:176,0
DA:178,0
DA:179,0
DA:180,0
DA:181,0
DA:183,0
DA:187,0
DA:188,0
DA:192,0
DA:193,0
DA:194,0
DA:200,0
DA:205,0
DA:206,0
DA:208,0
DA:211,0
DA:216,0
DA:218,0
DA:223,0
DA:229,0
DA:233,0
DA:234,0
DA:236,0
DA:241,0
DA:243,0
DA:248,0
DA:254,0
DA:258,0
DA:259,0
DA:261,0
DA:265,0
DA:266,0
DA:269,1
DA:271,1
DA:273,1
DA:279,0
DA:283,0
DA:292,1
DA:296,25
DA:297,25
DA:299,25
DA:301,6
DA:303,4
DA:307,4
DA:309,4
DA:310,0
DA:314,4
DA:316,4
DA:317,0
DA:321,5
DA:328,3
DA:329,0
DA:330,0
DA:331,0
DA:333,3
DA:336,1
DA:341,1
DA:344,0
DA:349,2
DA:352,0
DA:357,0
DA:360,0
DA:362,0
DA:368,25
DA:369,0
DA:379,25
DA:395,1
LF:126
LH:57
BRDA:94,0,0,0
BRDA:94,0,1,1
BRDA:94,1,0,1
BRDA:94,1,1,1
BRDA:104,2,0,0
BRDA:104,2,1,0
BRDA:104,3,0,0
BRDA:104,3,1,0
BRDA:109,4,0,0
BRDA:109,4,1,0
BRDA:125,5,0,0
BRDA:125,5,1,0
BRDA:125,6,0,0
BRDA:125,6,1,0
BRDA:131,7,0,0
BRDA:131,7,1,0
BRDA:149,8,0,0
BRDA:149,8,1,0
BRDA:175,9,0,0
BRDA:175,9,1,0
BRDA:178,10,0,0
BRDA:178,10,1,0
BRDA:180,11,0,0
BRDA:180,11,1,0
BRDA:192,12,0,0
BRDA:192,12,1,0
BRDA:205,13,0,0
BRDA:205,13,1,0
BRDA:216,14,0,0
BRDA:216,14,1,0
BRDA:233,15,0,0
BRDA:233,15,1,0
BRDA:241,16,0,0
BRDA:241,16,1,0
BRDA:258,17,0,0
BRDA:258,17,1,0
BRDA:271,18,0,1
BRDA:271,18,1,0
BRDA:299,19,0,6
BRDA:299,19,1,4
BRDA:299,19,2,4
BRDA:299,19,3,5
BRDA:299,19,4,3
BRDA:299,19,5,1
BRDA:299,19,6,2
BRDA:299,19,7,0
BRDA:299,19,8,0
BRDA:328,20,0,0
BRDA:328,20,1,3
BRDA:368,21,0,0
BRDA:368,21,1,25
BRDA:382,22,0,25
BRDA:382,22,1,11
BRF:53
BRH:15
end_of_record
TN:
SF:components/onboarding/OnboardingProgress.tsx
FN:9,OnboardingProgress
FNF:1
FNH:1
FNDA:5,OnboardingProgress
DA:10,5
DA:12,5
DA:43,1
LF:3
LH:3
BRF:0
BRH:0
end_of_record
TN:
SF:components/onboarding/steps/OnboardingCompletion.tsx
FN:6,OnboardingCompletion
FN:9,(anonymous_1)
FN:15,(anonymous_2)
FNF:3
FNH:3
FNDA:16,OnboardingCompletion
FNDA:6,(anonymous_1)
FNDA:6,(anonymous_2)
DA:7,16
DA:9,16
DA:10,6
DA:12,6
DA:15,6
DA:16,6
DA:20,16
DA:70,1
LF:8
LH:8
BRF:0
BRH:0
end_of_record
TN:
SF:components/onboarding/steps/OnboardingCredentials.tsx
FN:11,OnboardingCredentials
FN:21,(anonymous_1)
FN:45,(anonymous_2)
FN:85,(anonymous_3)
FN:127,(anonymous_4)
FN:143,(anonymous_5)
FN:180,(anonymous_6)
FNF:7
FNH:3
FNDA:14,OnboardingCredentials
FNDA:3,(anonymous_1)
FNDA:3,(anonymous_2)
FNDA:0,(anonymous_3)
FNDA:0,(anonymous_4)
FNDA:0,(anonymous_5)
FNDA:0,(anonymous_6)
DA:12,14
DA:13,14
DA:14,14
DA:15,14
DA:18,14
DA:19,14
DA:21,14
DA:22,3
DA:24,3
DA:25,0
DA:26,3
DA:27,1
DA:30,3
DA:31,0
DA:32,3
DA:33,0
DA:36,3
DA:37,0
DA:38,3
DA:39,1
DA:42,3
DA:45,14
DA:46,3
DA:47,3
DA:48,2
DA:49,2
DA:52,1
DA:54,1
DA:55,1
DA:57,1
DA:62,0
DA:63,0
DA:64,0
DA:66,0
DA:67,0
DA:68,0
DA:69,0
DA:70,0
DA:71,0
DA:74,0
DA:75,0
DA:78,0
DA:79,0
DA:80,0
DA:81,0
DA:85,0
DA:88,0
DA:90,0
DA:91,0
DA:92,0
DA:93,0
DA:96,0
DA:97,0
DA:100,1
DA:101,1
DA:103,1
DA:107,14
DA:127,0
DA:143,0
DA:180,0
DA:191,1
LF:61
LH:31
BRDA:24,0,0,0
BRDA:24,0,1,3
BRDA:26,1,0,1
BRDA:26,1,1,2
BRDA:30,2,0,0
BRDA:30,2,1,3
BRDA:32,3,0,0
BRDA:32,3,1,3
BRDA:36,4,0,0
BRDA:36,4,1,3
BRDA:38,5,0,1
BRDA:38,5,1,2
BRDA:47,6,0,2
BRDA:47,6,1,1
BRDA:62,7,0,0
BRDA:62,7,1,0
BRDA:66,8,0,0
BRDA:66,8,1,0
BRDA:68,9,0,0
BRDA:68,9,1,0
BRDA:70,10,0,0
BRDA:70,10,1,0
BRDA:78,11,0,0
BRDA:78,11,1,0
BRDA:90,12,0,0
BRDA:90,12,1,0
BRDA:90,13,0,0
BRDA:90,13,1,0
BRDA:166,14,0,14
BRDA:166,14,1,0
BRDA:170,15,0,0
BRDA:170,15,1,14
BRF:32
BRH:12
end_of_record
TN:
SF:components/onboarding/steps/OnboardingHobbies.tsx
FN:16,OnboardingHobbies
FN:21,(anonymous_1)
FN:25,(anonymous_2)
FN:42,(anonymous_3)
FN:44,(anonymous_4)
FN:44,(anonymous_5)
FN:46,(anonymous_6)
FN:52,(anonymous_7)
FN:57,(anonymous_8)
FN:66,(anonymous_9)
FN:100,(anonymous_10)
FNF:11
FNH:4
FNDA:12,OnboardingHobbies
FNDA:6,(anonymous_1)
FNDA:6,(anonymous_2)
FNDA:0,(anonymous_3)
FNDA:0,(anonymous_4)
FNDA:0,(anonymous_5)
FNDA:0,(anonymous_6)
FNDA:2,(anonymous_7)
FNDA:0,(anonymous_8)
FNDA:0,(anonymous_9)
FNDA:0,(anonymous_10)
DA:17,12
DA:18,12
DA:19,12
DA:21,12
DA:22,6
DA:25,12
DA:26,6
DA:27,6
DA:32,0
DA:33,0
DA:35,6
DA:36,6
DA:38,6
DA:42,12
DA:43,0
DA:44,0
DA:45,0
DA:46,0
DA:48,0
DA:52,12
DA:53,2
DA:54,2
DA:57,12
DA:58,0
DA:60,0
DA:66,0
DA:78,12
DA:79,6
DA:87,6
DA:100,0
DA:132,1
LF:31
LH:20
BRDA:32,0,0,0
BRDA:32,0,1,0
BRDA:33,1,0,0
BRDA:33,1,1,0
BRDA:43,2,0,0
BRDA:43,2,1,0
BRDA:45,3,0,0
BRDA:45,3,1,0
BRDA:64,4,0,0
BRDA:64,4,1,0
BRDA:70,5,0,0
BRDA:70,5,1,0
BRDA:72,6,0,0
BRDA:72,6,1,0
BRDA:78,7,0,6
BRDA:78,7,1,6
BRDA:123,8,0,0
BRDA:123,8,1,6
BRF:18
BRH:3
end_of_record
TN:
SF:components/onboarding/steps/OnboardingPrivacy.tsx
FN:9,OnboardingPrivacy
FNF:1
FNH:1
FNDA:3,OnboardingPrivacy
DA:11,3
DA:71,1
LF:2
LH:2
BRF:0
BRH:0
end_of_record
TN:
SF:components/onboarding/steps/OnboardingProfile.tsx
FN:24,OnboardingProfile
FN:32,(anonymous_1)
FN:44,(anonymous_2)
FN:77,(anonymous_3)
FN:98,(anonymous_4)
FN:116,(anonymous_5)
FN:123,(anonymous_6)
FN:129,(anonymous_7)
FN:156,(anonymous_8)
FN:180,(anonymous_9)
FNF:10
FNH:7
FNDA:14,OnboardingProfile
FNDA:14,(anonymous_1)
FNDA:3,(anonymous_2)
FNDA:0,(anonymous_3)
FNDA:3,(anonymous_4)
FNDA:0,(anonymous_5)
FNDA:1,(anonymous_6)
FNDA:1,(anonymous_7)
FNDA:0,(anonymous_8)
FNDA:1,(anonymous_9)
DA:25,14
DA:26,14
DA:29,14
DA:32,14
DA:33,14
DA:34,14
DA:35,14
DA:38,14
DA:39,14
DA:40,14
DA:41,14
DA:42,14
DA:44,14
DA:45,3
DA:47,3
DA:48,1
DA:51,3
DA:52,1
DA:55,3
DA:56,0
DA:58,3
DA:59,3
DA:60,3
DA:61,3
DA:64,3
DA:66,3
DA:67,0
DA:69,3
DA:70,0
DA:74,3
DA:77,14
DA:78,0
DA:79,0
DA:81,0
DA:82,0
DA:83,0
DA:84,0
DA:85,0
DA:86,0
DA:88,0
DA:91,0
DA:92,0
DA:94,0
DA:98,14
DA:99,3
DA:100,3
DA:101,1
DA:102,1
DA:105,2
DA:112,2
DA:113,2
DA:116,14
DA:117,0
DA:118,0
DA:119,0
DA:123,14
DA:124,1
DA:125,1
DA:126,1
DA:129,14
DA:130,1
DA:133,14
DA:156,0
DA:180,1
DA:268,1
LF:65
LH:46
BRDA:47,0,0,1
BRDA:47,0,1,2
BRDA:51,1,0,1
BRDA:51,1,1,2
BRDA:55,2,0,0
BRDA:55,2,1,3
BRDA:64,3,0,0
BRDA:64,3,1,3
BRDA:64,4,0,3
BRDA:64,4,1,3
BRDA:64,4,2,3
BRDA:66,5,0,0
BRDA:66,5,1,3
BRDA:69,6,0,0
BRDA:69,6,1,3
BRDA:79,7,0,0
BRDA:79,7,1,0
BRDA:84,8,0,0
BRDA:84,8,1,0
BRDA:84,9,0,0
BRDA:84,9,1,0
BRDA:88,10,0,0
BRDA:88,10,1,0
BRDA:100,11,0,1
BRDA:100,11,1,2
BRDA:109,12,0,2
BRDA:109,12,1,2
BRDA:118,13,0,0
BRDA:118,13,1,0
BRDA:192,14,0,14
BRDA:192,14,1,1
BRDA:196,15,0,1
BRDA:196,15,1,0
BRDA:207,16,0,0
BRDA:207,16,1,14
BRDA:230,17,0,0
BRDA:230,17,1,14
BRDA:252,18,0,14
BRDA:252,18,1,0
BRDA:256,19,0,0
BRDA:256,19,1,14
BRF:41
BRH:22
end_of_record
TN:
SF:components/onboarding/steps/OnboardingSports.tsx
FN:27,OnboardingSports
FN:33,(anonymous_1)
FN:37,(anonymous_2)
FN:57,(anonymous_3)
FN:58,(anonymous_4)
FN:62,(anonymous_5)
FN:62,(anonymous_6)
FN:65,(anonymous_7)
FN:67,(anonymous_8)
FN:79,(anonymous_9)
FN:80,(anonymous_10)
FN:83,(anonymous_11)
FN:84,(anonymous_12)
FN:92,(anonymous_13)
FN:102,(anonymous_14)
FN:103,(anonymous_15)
FN:104,(anonymous_16)
FN:113,(anonymous_17)
FN:127,(anonymous_18)
FN:134,(anonymous_19)
FN:173,(anonymous_20)
FNF:21
FNH:3
FNDA:12,OnboardingSports
FNDA:6,(anonymous_1)
FNDA:6,(anonymous_2)
FNDA:0,(anonymous_3)
FNDA:0,(anonymous_4)
FNDA:0,(anonymous_5)
FNDA:0,(anonymous_6)
FNDA:0,(anonymous_7)
FNDA:0,(anonymous_8)
FNDA:0,(anonymous_9)
FNDA:0,(anonymous_10)
FNDA:0,(anonymous_11)
FNDA:0,(anonymous_12)
FNDA:0,(anonymous_13)
FNDA:0,(anonymous_14)
FNDA:0,(anonymous_15)
FNDA:0,(anonymous_16)
FNDA:0,(anonymous_17)
FNDA:0,(anonymous_18)
FNDA:0,(anonymous_19)
FNDA:0,(anonymous_20)
DA:28,12
DA:29,12
DA:30,12
DA:31,12
DA:33,12
DA:34,6
DA:37,12
DA:38,6
DA:39,6
DA:44,0
DA:45,0
DA:47,0
DA:48,0
DA:50,6
DA:51,6
DA:53,6
DA:57,12
DA:58,0
DA:60,0
DA:62,0
DA:63,0
DA:65,0
DA:66,0
DA:67,0
DA:75,0
DA:79,12
DA:80,0
DA:81,0
DA:83,0
DA:84,0
DA:85,0
DA:92,12
DA:93,0
DA:94,0
DA:95,0
DA:98,0
DA:99,0
DA:102,12
DA:103,0
DA:104,0
DA:106,0
DA:113,0
DA:128,0
DA:134,0
DA:151,12
DA:152,6
DA:160,6
DA:173,0
DA:205,1
LF:49
LH:20
BRDA:44,0,0,0
BRDA:44,0,1,0
BRDA:45,1,0,0
BRDA:45,1,1,0
BRDA:47,2,0,0
BRDA:47,2,1,0
BRDA:48,3,0,0
BRDA:48,3,1,0
BRDA:60,4,0,0
BRDA:60,4,1,0
BRDA:63,5,0,0
BRDA:63,5,1,0
BRDA:65,6,0,0
BRDA:65,6,1,0
BRDA:66,7,0,0
BRDA:66,7,1,0
BRDA:81,8,0,0
BRDA:81,8,1,0
BRDA:85,9,0,0
BRDA:85,9,1,0
BRDA:93,10,0,0
BRDA:93,10,1,0
BRDA:111,11,0,0
BRDA:111,11,1,0
BRDA:117,12,0,0
BRDA:117,12,1,0
BRDA:123,13,0,0
BRDA:123,13,1,0
BRDA:123,13,2,0
BRDA:132,14,0,0
BRDA:132,14,1,0
BRDA:138,15,0,0
BRDA:138,15,1,0
BRDA:151,16,0,6
BRDA:151,16,1,6
BRDA:192,17,0,6
BRDA:192,17,1,6
BRF:37
BRH:4
end_of_record
TN:
SF:components/onboarding/steps/OnboardingTerms.tsx
FN:9,OnboardingTerms
FNF:1
FNH:1
FNDA:3,OnboardingTerms
DA:11,3
DA:65,1
LF:2
LH:2
BRF:0
BRH:0
end_of_record
TN:
SF:components/onboarding/steps/OnboardingWelcome.tsx
FN:8,OnboardingWelcome
FNF:1
FNH:1
FNDA:5,OnboardingWelcome
DA:9,5
DA:51,1
LF:2
LH:2
BRF:0
BRH:0
end_of_record
TN:
SF:components/profile/CompatibleProfilesList.tsx
FN:24,CompatibleProfilesList
FN:42,(anonymous_1)
FN:48,(anonymous_2)
FN:49,(anonymous_3)
FN:62,(anonymous_4)
FN:68,(anonymous_5)
FN:76,(anonymous_6)
FN:84,(anonymous_7)
FN:96,(anonymous_8)
FN:123,(anonymous_9)
FN:126,(anonymous_10)
FN:161,(anonymous_11)
FN:184,(anonymous_12)
FNF:13
FNH:4
FNDA:14,CompatibleProfilesList
FNDA:1,(anonymous_1)
FNDA:0,(anonymous_2)
FNDA:0,(anonymous_3)
FNDA:0,(anonymous_4)
FNDA:0,(anonymous_5)
FNDA:21,(anonymous_6)
FNDA:0,(anonymous_7)
FNDA:0,(anonymous_8)
FNDA:0,(anonymous_9)
FNDA:0,(anonymous_10)
FNDA:21,(anonymous_11)
FNDA:0,(anonymous_12)
DA:29,14
DA:39,14
DA:42,14
DA:43,1
DA:44,1
DA:45,1
DA:48,0
DA:49,0
DA:50,0
DA:51,0
DA:53,0
DA:62,14
DA:63,0
DA:64,0
DA:68,14
DA:69,0
DA:70,0
DA:71,0
DA:76,14
DA:77,21
DA:84,14
DA:85,0
DA:87,0
DA:96,14
DA:97,0
DA:98,0
DA:107,0
DA:108,0
DA:119,0
DA:123,14
DA:126,14
DA:127,0
DA:146,14
DA:161,21
DA:184,0
DA:194,1
LF:36
LH:17
BRDA:26,0,0,10
BRDA:27,1,0,13
BRDA:39,2,0,14
BRDA:39,2,1,1
BRDA:44,3,0,1
BRDA:44,3,1,0
BRDA:48,4,0,0
BRDA:48,4,1,0
BRDA:49,5,0,0
BRDA:49,5,1,0
BRDA:50,6,0,0
BRDA:50,6,1,0
BRDA:51,7,0,0
BRDA:51,7,1,0
BRDA:51,8,0,0
BRDA:51,8,1,0
BRDA:55,9,0,0
BRDA:55,9,1,0
BRDA:69,10,0,0
BRDA:69,10,1,0
BRDA:69,11,0,0
BRDA:69,11,1,0
BRDA:85,12,0,0
BRDA:85,12,1,0
BRDA:85,13,0,0
BRDA:85,13,1,0
BRDA:97,14,0,0
BRDA:97,14,1,0
BRDA:97,15,0,0
BRDA:97,15,1,0
BRDA:107,16,0,0
BRDA:107,16,1,0
BRDA:130,17,0,0
BRDA:130,17,1,0
BRDA:134,18,0,0
BRDA:134,18,1,0
BRDA:134,18,2,0
BRDA:136,19,0,0
BRDA:136,19,1,0
BRDA:136,20,0,0
BRDA:136,20,1,0
BRDA:136,21,0,0
BRDA:136,21,1,0
BRDA:136,22,0,0
BRDA:136,22,1,0
BRDA:136,23,0,0
BRDA:136,23,1,0
BRDA:149,24,0,14
BRDA:149,24,1,1
BRDA:168,25,0,14
BRDA:168,25,1,1
BRF:51
BRH:9
end_of_record
TN:
SF:components/profile/MatchButton.tsx
FN:25,MatchButton
FN:48,(anonymous_1)
FN:49,(anonymous_2)
FN:52,(anonymous_3)
FN:53,(anonymous_4)
FN:63,(anonymous_5)
FN:141,(anonymous_6)
FN:154,(anonymous_7)
FN:168,(anonymous_8)
FN:188,(anonymous_9)
FNF:10
FNH:9
FNDA:125,MatchButton
FNDA:252,(anonymous_1)
FNDA:252,(anonymous_2)
FNDA:63,(anonymous_3)
FNDA:63,(anonymous_4)
FNDA:0,(anonymous_5)
FNDA:125,(anonymous_6)
FNDA:125,(anonymous_7)
FNDA:125,(anonymous_8)
FNDA:125,(anonymous_9)
DA:33,125
DA:34,125
DA:47,125
DA:48,252
DA:49,252
DA:52,125
DA:53,63
DA:54,63
DA:55,62
DA:56,62
DA:60,63
DA:63,125
DA:65,0
DA:66,0
DA:67,0
DA:71,0
DA:72,0
DA:76,0
DA:77,0
DA:81,0
DA:82,0
DA:85,0
DA:86,0
DA:89,0
DA:91,0
DA:92,0
DA:94,0
DA:96,0
DA:110,0
DA:118,0
DA:124,0
DA:125,0
DA:127,0
DA:128,0
DA:131,0
DA:132,0
DA:133,0
DA:134,0
DA:136,0
DA:141,125
DA:142,125
DA:154,125
DA:155,125
DA:168,125
DA:169,125
DA:170,2
DA:172,123
DA:173,1
DA:175,122
DA:176,2
DA:178,120
DA:179,2
DA:181,118
DA:182,0
DA:184,118
DA:188,125
DA:189,125
DA:190,2
DA:192,123
DA:193,1
DA:195,122
DA:196,2
DA:198,120
DA:199,2
DA:201,118
DA:202,0
DA:204,118
DA:207,125
DA:231,3
LF:69
LH:40
BRDA:29,0,0,33
BRDA:30,1,0,33
BRDA:31,2,0,123
BRDA:54,3,0,62
BRDA:54,3,1,1
BRDA:65,4,0,0
BRDA:65,4,1,0
BRDA:65,5,0,0
BRDA:65,5,1,0
BRDA:65,5,2,0
BRDA:71,6,0,0
BRDA:71,6,1,0
BRDA:71,7,0,0
BRDA:71,7,1,0
BRDA:71,7,2,0
BRDA:76,8,0,0
BRDA:76,8,1,0
BRDA:76,9,0,0
BRDA:76,9,1,0
BRDA:81,10,0,0
BRDA:81,10,1,0
BRDA:81,11,0,0
BRDA:81,11,1,0
BRDA:85,12,0,0
BRDA:85,12,1,0
BRDA:85,13,0,0
BRDA:85,13,1,0
BRDA:94,14,0,0
BRDA:94,14,1,0
BRDA:132,15,0,0
BRDA:132,15,1,0
BRDA:145,16,0,125
BRDA:145,16,1,119
BRDA:146,17,0,125
BRDA:146,17,1,2
BRDA:147,18,0,125
BRDA:147,18,1,4
BRDA:148,19,0,125
BRDA:148,19,1,123
BRDA:148,19,2,7
BRDA:148,19,3,121
BRDA:148,19,4,5
BRDA:148,19,5,6
BRDA:149,20,0,125
BRDA:149,20,1,7
BRDA:149,20,2,3
BRDA:149,20,3,1
BRDA:150,21,0,125
BRDA:150,21,1,7
BRDA:150,21,2,3
BRDA:150,21,3,2
BRDA:158,22,0,125
BRDA:158,22,1,4
BRDA:159,23,0,125
BRDA:159,23,1,119
BRDA:160,24,0,125
BRDA:160,24,1,7
BRDA:160,24,2,3
BRDA:160,24,3,1
BRDA:161,25,0,125
BRDA:161,25,1,7
BRDA:161,25,2,3
BRDA:161,25,3,2
BRDA:162,26,0,125
BRDA:162,26,1,7
BRDA:162,26,2,2
BRDA:163,27,0,125
BRDA:163,27,1,123
BRDA:163,27,2,7
BRDA:163,27,3,4
BRDA:169,28,0,2
BRDA:169,28,1,123
BRDA:172,29,0,1
BRDA:172,29,1,122
BRDA:172,30,0,123
BRDA:172,30,1,5
BRDA:172,30,2,3
BRDA:175,31,0,2
BRDA:175,31,1,120
BRDA:175,32,0,122
BRDA:175,32,1,4
BRDA:175,32,2,2
BRDA:178,33,0,2
BRDA:178,33,1,118
BRDA:178,34,0,120
BRDA:178,34,1,2
BRDA:181,35,0,0
BRDA:181,35,1,118
BRDA:189,36,0,2
BRDA:189,36,1,123
BRDA:192,37,0,1
BRDA:192,37,1,122
BRDA:192,38,0,123
BRDA:192,38,1,5
BRDA:192,38,2,3
BRDA:195,39,0,2
BRDA:195,39,1,120
BRDA:195,40,0,122
BRDA:195,40,1,4
BRDA:195,40,2,2
BRDA:198,41,0,2
BRDA:198,41,1,118
BRDA:198,42,0,120
BRDA:198,42,1,2
BRDA:201,43,0,0
BRDA:201,43,1,118
BRDA:212,44,0,125
BRDA:212,44,1,123
BRDA:212,44,2,7
BRDA:212,44,3,3
BRDA:212,44,4,121
BRDA:212,44,5,5
BRDA:212,44,6,119
BRDA:212,44,7,3
BRDA:212,44,8,117
BRDA:215,45,0,0
BRDA:215,45,1,125
BRDA:217,46,0,0
BRDA:217,46,1,0
BRDA:218,47,0,0
BRDA:218,47,1,0
BRF:121
BRH:88
end_of_record
TN:
SF:components/profile/PendingMatchesNotification.tsx
FN:14,PendingMatchesNotification
FN:18,(anonymous_1)
FN:22,(anonymous_2)
FN:28,(anonymous_3)
FN:42,(anonymous_4)
FN:49,(anonymous_5)
FN:61,(anonymous_6)
FNF:7
FNH:3
FNDA:11,PendingMatchesNotification
FNDA:0,(anonymous_1)
FNDA:11,(anonymous_2)
FNDA:0,(anonymous_3)
FNDA:11,(anonymous_4)
FNDA:0,(anonymous_5)
FNDA:0,(anonymous_6)
DA:15,11
DA:16,11
DA:17,11
DA:18,11
DA:19,11
DA:20,11
DA:22,11
DA:24,11
DA:25,0
DA:28,11
DA:29,0
DA:33,11
DA:34,11
DA:39,11
DA:42,11
DA:43,11
DA:44,11
DA:49,11
DA:50,0
DA:51,0
DA:52,0
DA:53,0
DA:55,0
DA:57,0
DA:61,11
DA:62,0
DA:66,11
DA:67,0
DA:70,11
DA:93,1
LF:30
LH:20
BRDA:24,0,0,0
BRDA:24,0,1,11
BRDA:33,1,0,11
BRDA:33,1,1,0
BRDA:43,2,0,11
BRDA:43,2,1,0
BRDA:66,3,0,0
BRDA:66,3,1,11
BRDA:66,4,0,11
BRDA:66,4,1,0
BRDA:82,5,0,0
BRDA:82,5,1,11
BRF:12
BRH:6
end_of_record
TN:
SF:components/profile/ProfileActions.tsx
FN:20,ProfileActions
FN:28,(anonymous_1)
FN:37,(anonymous_2)
FN:49,(anonymous_3)
FN:58,(anonymous_4)
FNF:5
FNH:5
FNDA:18,ProfileActions
FNDA:4,(anonymous_1)
FNDA:2,(anonymous_2)
FNDA:4,(anonymous_3)
FNDA:3,(anonymous_4)
DA:26,18
DA:28,18
DA:29,4
DA:38,2
DA:39,2
DA:41,1
DA:49,18
DA:50,4
DA:59,3
DA:60,3
DA:61,1
DA:63,2
DA:64,2
DA:72,18
DA:122,1
LF:15
LH:15
BRDA:60,0,0,1
BRDA:60,0,1,2
BRDA:76,1,0,18
BRDA:76,1,1,5
BRDA:88,2,0,18
BRDA:88,2,1,2
BRDA:93,3,0,2
BRDA:93,3,1,16
BRDA:97,4,0,3
BRDA:97,4,1,13
BRF:10
BRH:10
end_of_record
TN:
SF:components/profile/ProfileCard.tsx
FN:19,ProfileCard
FN:22,(anonymous_1)
FN:29,(anonymous_2)
FN:38,(anonymous_3)
FN:45,(anonymous_4)
FN:55,(anonymous_5)
FN:138,(anonymous_6)
FN:162,(anonymous_7)
FN:195,(anonymous_8)
FN:198,(anonymous_9)
FNF:10
FNH:6
FNDA:42,ProfileCard
FNDA:0,(anonymous_1)
FNDA:0,(anonymous_2)
FNDA:2,(anonymous_3)
FNDA:42,(anonymous_4)
FNDA:42,(anonymous_5)
FNDA:6,(anonymous_6)
FNDA:7,(anonymous_7)
FNDA:0,(anonymous_8)
FNDA:0,(anonymous_9)
DA:20,42
DA:22,42
DA:23,0
DA:29,42
DA:30,0
DA:38,42
DA:39,2
DA:40,2
DA:45,42
DA:46,42
DA:47,11
DA:48,1
DA:49,1
DA:55,42
DA:56,42
DA:57,11
DA:58,1
DA:59,1
DA:63,42
DA:64,42
DA:65,42
DA:66,42
DA:67,42
DA:68,42
DA:70,42
DA:139,6
DA:163,7
DA:196,0
DA:199,0
DA:208,2
LF:30
LH:26
BRDA:39,0,0,2
BRDA:39,0,1,0
BRDA:46,1,0,31
BRDA:46,1,1,11
BRDA:47,2,0,10
BRDA:47,2,1,1
BRDA:48,3,0,0
BRDA:48,3,1,1
BRDA:56,4,0,31
BRDA:56,4,1,11
BRDA:57,5,0,10
BRDA:57,5,1,1
BRDA:58,6,0,0
BRDA:58,6,1,1
BRDA:65,7,0,42
BRDA:65,7,1,1
BRDA:66,8,0,42
BRDA:66,8,1,1
BRDA:67,9,0,42
BRDA:67,9,1,39
BRDA:68,10,0,42
BRDA:68,10,1,39
BRDA:87,11,0,42
BRDA:87,11,1,42
BRDA:87,11,2,41
BRDA:92,12,0,42
BRDA:92,12,1,41
BRDA:118,13,0,42
BRDA:118,13,1,2
BRDA:121,14,0,2
BRDA:121,14,1,2
BRDA:131,15,0,42
BRDA:131,15,1,3
BRDA:145,16,0,3
BRDA:145,16,1,1
BRDA:155,17,0,42
BRDA:155,17,1,3
BRDA:169,18,0,3
BRDA:169,18,1,1
BRDA:179,19,0,42
BRDA:179,19,1,41
BRF:41
BRH:38
end_of_record
TN:
SF:components/profile/ProfileForm.tsx
FN:16,ProfileForm
FN:21,(anonymous_1)
FN:27,(anonymous_2)
FN:36,(anonymous_3)
FN:48,(anonymous_4)
FN:60,(anonymous_5)
FN:71,(anonymous_6)
FN:96,(anonymous_7)
FNF:8
FNH:6
FNDA:11,ProfileForm
FNDA:7,(anonymous_1)
FNDA:1,(anonymous_2)
FNDA:1,(anonymous_3)
FNDA:1,(anonymous_4)
FNDA:0,(anonymous_5)
FNDA:1,(anonymous_6)
FNDA:0,(anonymous_7)
DA:17,11
DA:18,11
DA:21,11
DA:22,7
DA:23,2
DA:27,11
DA:28,1
DA:29,1
DA:30,1
DA:31,1
DA:32,1
DA:36,11
DA:38,1
DA:41,11
DA:48,1
DA:60,0
DA:71,1
DA:96,0
DA:108,1
LF:19
LH:17
BRDA:22,0,0,2
BRDA:22,0,1,5
BRDA:29,1,0,1
BRDA:29,1,1,0
BRDA:46,2,0,11
BRDA:46,2,1,1
BRDA:47,3,0,11
BRDA:47,3,1,9
BRDA:58,4,0,11
BRDA:58,4,1,1
BRDA:59,5,0,11
BRDA:59,5,1,9
BRDA:70,6,0,11
BRDA:70,6,1,1
BRDA:74,7,0,11
BRDA:74,7,1,7
BRDA:75,8,0,4
BRDA:75,8,1,7
BRDA:80,9,0,11
BRDA:80,9,1,1
BRDA:94,10,0,11
BRDA:94,10,1,1
BRDA:95,11,0,11
BRDA:95,11,1,9
BRF:24
BRH:23
end_of_record
TN:
SF:components/profile/ProfileHeader.tsx
FN:9,ProfileHeader
FN:10,(anonymous_1)
FNF:2
FNH:2
FNDA:4,ProfileHeader
FNDA:4,(anonymous_1)
DA:10,4
DA:11,4
DA:15,4
DA:30,1
LF:4
LH:4
BRDA:11,0,0,4
BRDA:11,0,1,2
BRDA:11,0,2,1
BRF:3
BRH:3
end_of_record
TN:
SF:components/profile/ProfileHobbies.tsx
FN:16,ProfileHobbies
FN:26,(anonymous_1)
FN:31,(anonymous_2)
FN:32,(anonymous_3)
FN:33,(anonymous_4)
FN:36,(anonymous_5)
FN:37,(anonymous_6)
FN:40,(anonymous_7)
FN:41,(anonymous_8)
FN:44,(anonymous_9)
FN:49,(anonymous_10)
FN:58,(anonymous_11)
FN:74,(anonymous_12)
FN:107,(anonymous_13)
FNF:14
FNH:10
FNDA:5,ProfileHobbies
FNDA:20,(anonymous_1)
FNDA:5,(anonymous_2)
FNDA:1,(anonymous_3)
FNDA:10,(anonymous_4)
FNDA:5,(anonymous_5)
FNDA:1,(anonymous_6)
FNDA:5,(anonymous_7)
FNDA:1,(anonymous_8)
FNDA:0,(anonymous_9)
FNDA:0,(anonymous_10)
FNDA:0,(anonymous_11)
FNDA:1,(anonymous_12)
FNDA:0,(anonymous_13)
DA:24,5
DA:26,5
DA:28,20
DA:31,5
DA:32,5
DA:33,10
DA:36,5
DA:37,5
DA:40,5
DA:41,5
DA:44,5
DA:45,0
DA:46,0
DA:49,5
DA:50,0
DA:58,0
DA:64,5
DA:65,5
DA:66,5
DA:68,5
DA:74,1
DA:107,0
DA:113,1
LF:23
LH:18
BRDA:28,0,0,20
BRDA:28,0,1,16
BRDA:99,1,0,5
BRDA:99,1,1,4
BRF:4
BRH:4
end_of_record
TN:
SF:components/profile/ProfileIncompleteAlert.tsx
FN:18,ProfileIncompleteAlert
FN:26,(anonymous_1)
FN:47,(anonymous_2)
FN:53,(anonymous_3)
FN:123,(anonymous_4)
FNF:5
FNH:4
FNDA:18,ProfileIncompleteAlert
FNDA:0,(anonymous_1)
FNDA:44,(anonymous_2)
FNDA:18,(anonymous_3)
FNDA:18,(anonymous_4)
DA:24,18
DA:26,18
DA:27,0
DA:30,0
DA:44,0
DA:47,18
DA:48,44
DA:49,36
DA:50,8
DA:53,18
DA:54,18
DA:55,14
DA:56,4
DA:59,18
DA:61,11
DA:87,7
DA:124,18
DA:144,1
LF:18
LH:15
BRDA:21,0,0,2
BRDA:22,1,0,14
BRDA:27,2,0,0
BRDA:27,2,1,0
BRDA:48,3,0,8
BRDA:48,3,1,36
BRDA:49,4,0,28
BRDA:49,4,1,8
BRDA:54,5,0,4
BRDA:54,5,1,14
BRDA:55,6,0,10
BRDA:55,6,1,4
BRDA:59,7,0,11
BRDA:59,7,1,7
BRDA:66,8,0,10
BRDA:66,8,1,1
BRDA:92,9,0,5
BRDA:92,9,1,2
BRDA:131,10,0,7
BRDA:131,10,1,5
BRF:20
BRH:18
end_of_record
TN:
SF:components/profile/ProfileInfo.tsx
FN:9,ProfileInfo
FNF:1
FNH:1
FNDA:7,ProfileInfo
DA:10,7
DA:56,1
LF:2
LH:2
BRDA:14,0,0,7
BRDA:14,0,1,5
BRDA:25,1,0,7
BRDA:25,1,1,1
BRDA:31,2,0,1
BRDA:31,2,1,6
BRDA:35,3,0,7
BRDA:35,3,1,6
BRDA:35,3,2,1
BRDA:44,4,0,7
BRDA:44,4,1,6
BRDA:44,4,2,1
BRF:12
BRH:12
end_of_record
TN:
SF:components/profile/gym/GymPickerModal.tsx
FN:12,GymPickerModal
FN:30,(anonymous_1)
FN:32,(anonymous_2)
FN:35,(anonymous_3)
FNF:4
FNH:4
FNDA:10,GymPickerModal
FNDA:30,(anonymous_1)
FNDA:23,(anonymous_2)
FNDA:1,(anonymous_3)
DA:18,10
DA:30,30
DA:33,23
DA:35,1
DA:58,1
LF:5
LH:5
BRF:0
BRH:0
end_of_record
TN:
SF:components/profile/gym/ProfileGym.tsx
FN:16,ProfileGym
FN:28,(anonymous_1)
FN:32,(anonymous_2)
FN:38,(anonymous_3)
FN:43,(anonymous_4)
FN:48,(anonymous_5)
FN:52,(anonymous_6)
FN:55,(anonymous_7)
FN:64,(anonymous_8)
FN:65,(anonymous_9)
FN:66,(anonymous_10)
FN:74,(anonymous_11)
FN:78,(anonymous_12)
FN:100,(anonymous_13)
FN:118,(anonymous_14)
FN:130,(anonymous_15)
FN:137,(anonymous_16)
FNF:17
FNH:17
FNDA:32,ProfileGym
FNDA:14,(anonymous_1)
FNDA:3,(anonymous_2)
FNDA:1,(anonymous_3)
FNDA:1,(anonymous_4)
FNDA:10,(anonymous_5)
FNDA:5,(anonymous_6)
FNDA:14,(anonymous_7)
FNDA:32,(anonymous_8)
FNDA:64,(anonymous_9)
FNDA:128,(anonymous_10)
FNDA:32,(anonymous_11)
FNDA:30,(anonymous_12)
FNDA:1,(anonymous_13)
FNDA:6,(anonymous_14)
FNDA:1,(anonymous_15)
FNDA:1,(anonymous_16)
DA:24,32
DA:25,32
DA:26,32
DA:28,32
DA:29,14
DA:32,32
DA:33,3
DA:34,3
DA:35,3
DA:38,32
DA:39,1
DA:40,1
DA:43,32
DA:44,1
DA:45,1
DA:48,32
DA:49,10
DA:51,5
DA:52,5
DA:55,32
DA:56,14
DA:57,4
DA:58,4
DA:60,10
DA:64,32
DA:65,32
DA:66,64
DA:67,128
DA:68,128
DA:69,128
DA:74,32
DA:75,32
DA:77,10
DA:78,10
DA:79,30
DA:80,30
DA:84,32
DA:100,1
DA:118,6
DA:130,1
DA:137,1
DA:143,1
LF:42
LH:42
BRDA:49,0,0,5
BRDA:49,0,1,5
BRDA:52,1,0,5
BRDA:52,1,1,0
BRDA:56,2,0,4
BRDA:56,2,1,10
BRDA:58,3,0,4
BRDA:58,3,1,0
BRDA:75,4,0,22
BRDA:75,4,1,10
BRDA:88,5,0,10
BRDA:88,5,1,22
BRDA:92,6,0,10
BRDA:92,6,1,5
BRF:14
BRH:12
end_of_record
TN:
SF:components/profile/gym/SubscriptionPickerModal.tsx
FN:12,SubscriptionPickerModal
FN:30,(anonymous_1)
FN:32,(anonymous_2)
FN:35,(anonymous_3)
FNF:4
FNH:4
FNDA:11,SubscriptionPickerModal
FNDA:34,(anonymous_1)
FNDA:26,(anonymous_2)
FNDA:3,(anonymous_3)
DA:18,11
DA:30,34
DA:33,26
DA:35,3
DA:60,1
LF:5
LH:5
BRF:0
BRH:0
end_of_record
TN:
SF:components/profile/hobbies/HobbyChip.tsx
FN:14,HobbyChip
FN:31,(anonymous_1)
FN:41,(anonymous_2)
FN:50,(anonymous_3)
FNF:4
FNH:3
FNDA:22,HobbyChip
FNDA:1,(anonymous_1)
FNDA:0,(anonymous_2)
FNDA:1,(anonymous_3)
DA:22,22
DA:31,1
DA:41,0
DA:50,1
DA:61,3
LF:5
LH:4
BRDA:23,0,0,22
BRDA:23,0,1,9
BRDA:24,1,0,9
BRDA:24,1,1,13
BRDA:28,2,0,22
BRDA:28,2,1,13
BRDA:28,2,2,12
BRDA:38,3,0,22
BRDA:38,3,1,9
BRDA:53,4,0,9
BRDA:53,4,1,13
BRF:11
BRH:11
end_of_record
TN:
SF:components/profile/hobbies/HobbyGroup.tsx
FN:15,HobbyGroup
FN:29,(anonymous_1)
FNF:2
FNH:2
FNDA:20,HobbyGroup
FNDA:17,(anonymous_1)
DA:23,20
DA:25,10
DA:30,17
DA:45,2
LF:4
LH:4
BRDA:23,0,0,10
BRDA:23,0,1,10
BRDA:31,1,0,8
BRDA:31,1,1,9
BRF:4
BRH:4
end_of_record
TN:
SF:components/profile/hobbies/HobbyPickerModal.tsx
FN:12,HobbyPickerModal
FN:30,(anonymous_1)
FN:32,(anonymous_2)
FN:35,(anonymous_3)
FNF:4
FNH:4
FNDA:8,HobbyPickerModal
FNDA:18,(anonymous_1)
FNDA:18,(anonymous_2)
FNDA:1,(anonymous_3)
DA:18,8
DA:30,18
DA:33,18
DA:35,1
DA:56,2
LF:5
LH:5
BRF:0
BRH:0
end_of_record
TN:
SF:components/profile/location/ProfileLocation.tsx
FN:12,ProfileLocation
FN:19,(anonymous_1)
FN:51,(anonymous_2)
FN:55,(anonymous_3)
FNF:4
FNH:1
FNDA:16,ProfileLocation
FNDA:0,(anonymous_1)
FNDA:0,(anonymous_2)
FNDA:0,(anonymous_3)
DA:17,16
DA:19,16
DA:20,0
DA:21,0
DA:24,0
DA:25,0
DA:26,0
DA:27,0
DA:31,0
DA:33,0
DA:34,0
DA:35,0
DA:36,0
DA:40,0
DA:44,0
DA:51,0
DA:56,0
DA:57,0
DA:58,0
DA:59,0
DA:61,0
DA:62,0
DA:70,0
DA:71,0
DA:75,16
DA:123,1
LF:26
LH:4
BRDA:25,0,0,0
BRDA:25,0,1,0
BRDA:33,1,0,0
BRDA:33,1,1,0
BRDA:33,2,0,0
BRDA:33,2,1,0
BRDA:34,3,0,0
BRDA:34,3,1,0
BRDA:40,4,0,0
BRDA:40,4,1,0
BRDA:83,5,0,14
BRDA:83,5,1,2
BRDA:84,6,0,11
BRDA:84,6,1,3
BRDA:84,7,0,14
BRDA:84,7,1,13
BRDA:94,8,0,16
BRDA:94,8,1,15
BRDA:94,8,2,1
BRDA:96,9,0,16
BRDA:96,9,1,15
BRDA:99,10,0,0
BRDA:99,10,1,16
BRF:23
BRH:12
end_of_record
TN:
SF:components/profile/socialMedias/ProfileSocialMedias.tsx
FN:16,ProfileSocialMedias
FN:26,(anonymous_1)
FN:30,(anonymous_2)
FN:31,(anonymous_3)
FN:32,(anonymous_4)
FN:35,(anonymous_5)
FN:40,(anonymous_6)
FN:44,(anonymous_7)
FN:53,(anonymous_8)
FN:67,(anonymous_9)
FN:76,(anonymous_10)
FN:96,(anonymous_11)
FNF:12
FNH:7
FNDA:17,ProfileSocialMedias
FNDA:34,(anonymous_1)
FNDA:17,(anonymous_2)
FNDA:18,(anonymous_3)
FNDA:51,(anonymous_4)
FNDA:0,(anonymous_5)
FNDA:0,(anonymous_6)
FNDA:0,(anonymous_7)
FNDA:0,(anonymous_8)
FNDA:4,(anonymous_9)
FNDA:18,(anonymous_10)
FNDA:0,(anonymous_11)
DA:24,17
DA:26,17
DA:27,34
DA:30,17
DA:31,18
DA:32,51
DA:35,17
DA:36,0
DA:37,0
DA:40,17
DA:41,0
DA:44,17
DA:45,0
DA:53,0
DA:59,17
DA:61,17
DA:67,4
DA:77,18
DA:96,0
DA:102,1
LF:20
LH:14
BRDA:27,0,0,34
BRDA:27,0,1,2
BRDA:75,1,0,15
BRDA:75,1,1,2
BRF:4
BRH:4
end_of_record
TN:
SF:components/profile/socialMedias/SocialMediaChip.tsx
FN:12,SocialMediaChip
FN:21,(anonymous_1)
FN:41,(anonymous_2)
FN:86,(anonymous_3)
FN:93,(anonymous_4)
FNF:5
FNH:3
FNDA:23,SocialMediaChip
FNDA:0,(anonymous_1)
FNDA:0,(anonymous_2)
FNDA:1,(anonymous_3)
FNDA:1,(anonymous_4)
DA:18,23
DA:19,23
DA:21,23
DA:22,0
DA:23,0
DA:24,0
DA:27,0
DA:28,0
DA:29,0
DA:32,0
DA:33,0
DA:34,0
DA:36,0
DA:37,0
DA:41,23
DA:42,0
DA:43,0
DA:46,23
DA:86,1
DA:93,1
DA:105,2
LF:21
LH:8
BRDA:22,0,0,0
BRDA:22,0,1,0
BRDA:27,1,0,0
BRDA:27,1,1,0
BRDA:50,2,0,1
BRDA:50,2,1,22
BRDA:65,3,0,1
BRDA:65,3,1,22
BRF:8
BRH:4
end_of_record
TN:
SF:components/profile/socialMedias/SocialMediaPickerModal.tsx
FN:12,SocialMediaPickerModal
FN:21,(anonymous_1)
FN:29,(anonymous_2)
FN:51,(anonymous_3)
FN:53,(anonymous_4)
FN:56,(anonymous_5)
FN:86,(anonymous_6)
FNF:7
FNH:7
FNDA:60,SocialMediaPickerModal
FNDA:5,(anonymous_1)
FNDA:1,(anonymous_2)
FNDA:99,(anonymous_3)
FNDA:99,(anonymous_4)
FNDA:12,(anonymous_5)
FNDA:2,(anonymous_6)
DA:18,60
DA:19,60
DA:21,60
DA:22,5
DA:23,4
DA:24,4
DA:25,4
DA:29,60
DA:30,1
DA:31,1
DA:32,1
DA:35,60
DA:51,99
DA:54,99
DA:56,12
DA:86,2
DA:117,2
LF:17
LH:17
BRDA:22,0,0,4
BRDA:22,0,1,1
BRDA:22,1,0,5
BRDA:22,1,1,5
BRDA:46,2,0,40
BRDA:46,2,1,20
BRDA:94,3,0,20
BRDA:94,3,1,14
BRF:8
BRH:8
end_of_record
TN:
SF:components/profile/sports/ProfileSports.tsx
FN:16,ProfileSports
FN:26,(anonymous_1)
FN:30,(anonymous_2)
FN:31,(anonymous_3)
FN:32,(anonymous_4)
FN:35,(anonymous_5)
FN:40,(anonymous_6)
FN:49,(anonymous_7)
FN:63,(anonymous_8)
FN:72,(anonymous_9)
FN:92,(anonymous_10)
FNF:11
FNH:8
FNDA:18,ProfileSports
FNDA:36,(anonymous_1)
FNDA:18,(anonymous_2)
FNDA:19,(anonymous_3)
FNDA:54,(anonymous_4)
FNDA:0,(anonymous_5)
FNDA:1,(anonymous_6)
FNDA:0,(anonymous_7)
FNDA:4,(anonymous_8)
FNDA:19,(anonymous_9)
FNDA:0,(anonymous_10)
DA:24,18
DA:26,18
DA:27,36
DA:30,18
DA:31,19
DA:32,54
DA:35,18
DA:36,0
DA:37,0
DA:40,18
DA:41,1
DA:49,0
DA:55,18
DA:57,18
DA:63,4
DA:73,19
DA:92,0
DA:98,1
LF:18
LH:14
BRDA:27,0,0,36
BRDA:27,0,1,2
BRDA:71,1,0,16
BRDA:71,1,1,2
BRF:4
BRH:4
end_of_record
TN:
SF:components/profile/sports/SportChip.tsx
FN:11,SportChip
FN:27,(anonymous_1)
FNF:2
FNH:2
FNDA:26,SportChip
FNDA:3,(anonymous_1)
DA:16,26
DA:27,3
DA:35,2
LF:3
LH:3
BRF:0
BRH:0
end_of_record
TN:
SF:components/profile/sports/SportPickerModal.tsx
FN:13,SportPickerModal
FN:23,(anonymous_1)
FN:31,(anonymous_2)
FN:53,(anonymous_3)
FN:55,(anonymous_4)
FN:58,(anonymous_5)
FN:73,(anonymous_6)
FN:75,(anonymous_7)
FN:81,(anonymous_8)
FN:99,(anonymous_9)
FNF:10
FNH:8
FNDA:28,SportPickerModal
FNDA:1,(anonymous_1)
FNDA:0,(anonymous_2)
FNDA:45,(anonymous_3)
FNDA:45,(anonymous_4)
FNDA:3,(anonymous_5)
FNDA:10,(anonymous_6)
FNDA:10,(anonymous_7)
FNDA:2,(anonymous_8)
FNDA:0,(anonymous_9)
DA:20,28
DA:21,28
DA:23,28
DA:24,1
DA:25,1
DA:26,1
DA:27,1
DA:31,28
DA:32,0
DA:33,0
DA:34,0
DA:37,28
DA:53,45
DA:56,45
DA:58,3
DA:73,10
DA:76,10
DA:81,2
DA:99,0
DA:131,2
LF:20
LH:16
BRDA:24,0,0,1
BRDA:24,0,1,0
BRDA:24,1,0,1
BRDA:24,1,1,1
BRDA:48,2,0,23
BRDA:48,2,1,5
BRDA:79,3,0,10
BRDA:79,3,1,2
BRDA:85,4,0,10
BRDA:85,4,1,2
BRDA:107,5,0,5
BRDA:107,5,1,3
BRF:12
BRH:11
end_of_record
TN:
SF:components/profile/tags/HobbyTag.tsx
FN:10,HobbyTag
FNF:1
FNH:1
FNDA:18,HobbyTag
DA:11,18
DA:12,18
DA:14,18
DA:26,18
DA:35,18
DA:54,3
LF:6
LH:6
BRDA:10,0,0,8
BRDA:11,1,0,18
BRDA:11,1,1,2
BRDA:14,2,0,3
BRDA:14,2,1,15
BRDA:28,3,0,9
BRDA:28,3,1,9
BRDA:37,4,0,18
BRDA:37,4,1,3
BRDA:43,5,0,9
BRDA:43,5,1,9
BRF:11
BRH:11
end_of_record
TN:
SF:components/profile/tags/ProfileTag.tsx
FN:44,ProfileTag
FNF:1
FNH:1
FNDA:24,ProfileTag
DA:11,1
DA:50,24
DA:52,24
DA:61,24
DA:69,24
DA:78,1
LF:6
LH:6
BRDA:46,0,0,11
BRDA:47,1,0,17
BRDA:48,2,0,20
BRDA:54,3,0,3
BRDA:54,3,1,21
BRDA:56,4,0,5
BRDA:56,4,1,19
BRDA:63,5,0,3
BRDA:63,5,1,21
BRDA:65,6,0,5
BRDA:65,6,1,19
BRF:11
BRH:11
end_of_record
TN:
SF:components/profile/tags/SportTag.tsx
FN:10,SportTag
FN:15,(anonymous_1)
FNF:2
FNH:2
FNDA:21,SportTag
FNDA:21,(anonymous_1)
DA:11,21
DA:12,21
DA:15,21
DA:16,21
DA:17,21
DA:18,13
DA:24,8
DA:25,2
DA:31,6
DA:32,2
DA:39,4
DA:46,21
DA:48,21
DA:57,21
DA:85,3
LF:15
LH:15
BRDA:10,0,0,12
BRDA:11,1,0,21
BRDA:11,1,1,2
BRDA:12,2,0,21
BRDA:12,2,1,3
BRDA:17,3,0,13
BRDA:17,3,1,8
BRDA:17,4,0,21
BRDA:17,4,1,8
BRDA:24,5,0,2
BRDA:24,5,1,6
BRDA:24,6,0,8
BRDA:24,6,1,6
BRDA:31,7,0,2
BRDA:31,7,1,4
BRDA:31,8,0,6
BRDA:31,8,1,5
BRDA:31,8,2,5
BRDA:50,9,0,8
BRDA:50,9,1,13
BRDA:62,10,0,8
BRDA:62,10,1,13
BRDA:69,11,0,21
BRDA:69,11,1,18
BRDA:73,12,0,8
BRDA:73,12,1,10
BRF:26
BRH:26
end_of_record
TN:
SF:components/ui/ErrorMessage.tsx
FN:10,ErrorMessage
FN:15,(anonymous_1)
FN:26,(anonymous_2)
FNF:3
FNH:3
FNDA:13,ErrorMessage
FNDA:17,(anonymous_1)
FNDA:13,(anonymous_2)
DA:15,13
DA:16,17
DA:18,1
DA:20,1
DA:22,15
DA:26,13
DA:27,13
DA:29,1
DA:31,1
DA:33,11
DA:37,13
DA:54,2
LF:12
LH:12
BRDA:13,0,0,10
BRDA:16,1,0,1
BRDA:16,1,1,1
BRDA:16,1,2,15
BRDA:27,2,0,1
BRDA:27,2,1,1
BRDA:27,2,2,11
BRDA:43,3,0,13
BRDA:43,3,1,4
BRF:9
BRH:9
end_of_record
TN:
SF:components/ui/PasswordInput.tsx
FN:11,(anonymous_0)
FN:24,(anonymous_1)
FNF:2
FNH:1
FNDA:26,(anonymous_0)
FNDA:0,(anonymous_1)
DA:10,1
DA:12,26
DA:14,26
DA:24,0
DA:40,1
DA:42,1
LF:6
LH:5
BRDA:27,0,0,26
BRDA:27,0,1,0
BRDA:30,1,0,26
BRDA:30,1,1,0
BRF:4
BRH:2
end_of_record
TN:
SF:components/ui/PasswordInputTest.tsx
FN:6,PasswordInputTest
FNF:1
FNH:0
FNDA:0,PasswordInputTest
DA:7,0
DA:28,0
LF:2
LH:0
BRF:0
BRH:0
end_of_record
TN:
SF:components/ui/SafeAreaWrapper.tsx
FN:13,SafeAreaWrapper
FNF:1
FNH:1
FNDA:111,SafeAreaWrapper
DA:19,111
DA:41,3
LF:2
LH:2
BRDA:15,0,0,0
BRDA:16,1,0,0
BRDA:23,2,0,111
BRDA:23,2,1,111
BRF:4
BRH:2
end_of_record
TN:
SF:components/workout/CreateWorkoutModal.tsx
FN:28,CreateWorkoutModal
FN:39,(anonymous_1)
FN:44,(anonymous_2)
FN:49,(anonymous_3)
FN:61,(anonymous_4)
FN:79,(anonymous_5)
FN:86,(anonymous_6)
FN:99,(anonymous_7)
FN:106,(anonymous_8)
FN:113,(anonymous_9)
FN:121,(anonymous_10)
FN:167,(anonymous_11)
FN:169,(anonymous_12)
FN:173,(anonymous_13)
FN:204,(anonymous_14)
FN:219,(anonymous_15)
FN:234,(anonymous_16)
FN:244,(anonymous_17)
FNF:18
FNH:12
FNDA:38,CreateWorkoutModal
FNDA:10,(anonymous_1)
FNDA:10,(anonymous_2)
FNDA:10,(anonymous_3)
FNDA:10,(anonymous_4)
FNDA:0,(anonymous_5)
FNDA:0,(anonymous_6)
FNDA:0,(anonymous_7)
FNDA:76,(anonymous_8)
FNDA:38,(anonymous_9)
FNDA:5,(anonymous_10)
FNDA:6,(anonymous_11)
FNDA:18,(anonymous_12)
FNDA:5,(anonymous_13)
FNDA:6,(anonymous_14)
FNDA:0,(anonymous_15)
FNDA:0,(anonymous_16)
FNDA:0,(anonymous_17)
DA:34,38
DA:35,38
DA:36,38
DA:39,38
DA:40,10
DA:41,10
DA:42,10
DA:44,38
DA:45,10
DA:46,10
DA:47,10
DA:49,38
DA:50,10
DA:51,10
DA:52,10
DA:56,38
DA:57,38
DA:58,38
DA:61,38
DA:62,10
DA:63,10
DA:64,10
DA:65,10
DA:66,10
DA:67,10
DA:69,10
DA:70,10
DA:71,10
DA:73,10
DA:74,10
DA:75,10
DA:79,38
DA:80,0
DA:81,0
DA:82,0
DA:86,38
DA:87,0
DA:88,0
DA:89,0
DA:92,0
DA:93,0
DA:94,0
DA:95,0
DA:99,38
DA:100,0
DA:101,0
DA:102,0
DA:106,38
DA:107,76
DA:113,38
DA:114,38
DA:121,38
DA:123,5
DA:124,1
DA:125,1
DA:129,4
DA:130,0
DA:131,0
DA:135,4
DA:136,4
DA:138,4
DA:139,4
DA:142,4
DA:143,4
DA:144,0
DA:145,0
DA:148,4
DA:150,4
DA:151,4
DA:158,4
DA:159,2
DA:161,1
DA:163,3
DA:167,38
DA:168,6
DA:170,18
DA:174,5
DA:175,5
DA:184,38
DA:204,6
DA:219,0
DA:234,0
DA:244,0
DA:310,1
LF:84
LH:64
BRDA:62,0,0,10
BRDA:62,0,1,0
BRDA:81,1,0,0
BRDA:81,1,1,0
BRDA:88,2,0,0
BRDA:88,2,1,0
BRDA:101,3,0,0
BRDA:101,3,1,0
BRDA:123,4,0,1
BRDA:123,4,1,4
BRDA:129,5,0,0
BRDA:129,5,1,4
BRDA:143,6,0,0
BRDA:143,6,1,4
BRDA:207,7,0,12
BRDA:207,7,1,26
BRDA:211,8,0,38
BRDA:211,8,1,6
BRDA:263,9,0,38
BRDA:263,9,1,4
BRDA:267,10,0,4
BRDA:267,10,1,34
BRDA:276,11,0,38
BRDA:276,11,1,0
BRDA:287,12,0,38
BRDA:287,12,1,0
BRDA:297,13,0,38
BRDA:297,13,1,0
BRF:28
BRH:16
end_of_record
TN:
SF:components/workout/WorkoutSessionMessage.tsx
FN:22,WorkoutSessionMessage
FN:36,(anonymous_1)
FN:55,(anonymous_2)
FN:72,(anonymous_3)
FN:132,(anonymous_4)
FN:164,(anonymous_5)
FN:173,(anonymous_6)
FNF:7
FNH:6
FNDA:15,WorkoutSessionMessage
FNDA:15,(anonymous_1)
FNDA:30,(anonymous_2)
FNDA:15,(anonymous_3)
FNDA:2,(anonymous_4)
FNDA:0,(anonymous_5)
FNDA:15,(anonymous_6)
DA:30,15
DA:34,15
DA:36,15
DA:37,15
DA:38,15
DA:39,15
DA:40,1
DA:41,1
DA:43,14
DA:50,0
DA:51,0
DA:55,15
DA:56,30
DA:57,30
DA:58,30
DA:59,2
DA:60,2
DA:62,28
DA:67,0
DA:68,0
DA:72,15
DA:73,15
DA:87,15
DA:132,2
DA:164,0
DA:173,15
DA:189,1
LF:27
LH:22
BRDA:34,0,0,15
BRDA:34,0,1,0
BRDA:34,0,2,0
BRDA:39,1,0,1
BRDA:39,1,1,14
BRDA:58,2,0,2
BRDA:58,2,1,28
BRDA:76,3,0,15
BRDA:76,3,1,0
BRDA:76,4,0,15
BRDA:76,4,1,15
BRDA:81,5,0,15
BRDA:81,5,1,7
BRDA:93,6,0,15
BRDA:93,6,1,3
BRDA:93,6,2,3
BRDA:93,6,3,3
BRDA:93,6,4,2
BRDA:104,7,0,15
BRDA:104,7,1,15
BRDA:124,8,0,15
BRDA:124,8,1,0
BRDA:124,9,0,1
BRDA:124,9,1,14
BRDA:124,10,0,15
BRDA:124,10,1,0
BRDA:141,11,0,4
BRDA:141,11,1,11
BRDA:143,12,0,4
BRDA:143,12,1,11
BRDA:147,13,0,4
BRDA:147,13,1,11
BRDA:149,14,0,4
BRDA:149,14,1,11
BRDA:162,15,0,15
BRDA:162,15,1,0
BRDA:169,16,0,15
BRDA:169,16,1,0
BRDA:169,17,0,15
BRDA:169,17,1,15
BRF:40
BRH:33
end_of_record
TN:
SF:services/MessagesService.ts
FN:21,(anonymous_0)
FN:29,(anonymous_1)
FN:47,(anonymous_2)
FN:58,(anonymous_3)
FN:76,(anonymous_4)
FN:77,(anonymous_5)
FN:97,(anonymous_6)
FN:114,(anonymous_7)
FN:134,(anonymous_8)
FN:146,(anonymous_9)
FN:163,(anonymous_10)
FNF:11
FNH:1
FNDA:0,(anonymous_0)
FNDA:0,(anonymous_1)
FNDA:0,(anonymous_2)
FNDA:0,(anonymous_3)
FNDA:0,(anonymous_4)
FNDA:0,(anonymous_5)
FNDA:0,(anonymous_6)
FNDA:0,(anonymous_7)
FNDA:0,(anonymous_8)
FNDA:0,(anonymous_9)
FNDA:21,(anonymous_10)
DA:22,0
DA:23,0
DA:26,0
DA:29,0
DA:30,0
DA:36,0
DA:37,0
DA:40,0
DA:41,0
DA:44,0
DA:47,0
DA:48,0
DA:57,0
DA:58,0
DA:59,0
DA:61,0
DA:62,0
DA:63,0
DA:64,0
DA:67,0
DA:69,0
DA:76,0
DA:77,0
DA:78,0
DA:81,0
DA:82,0
DA:83,0
DA:84,0
DA:85,0
DA:86,0
DA:87,0
DA:89,0
DA:92,0
DA:97,0
DA:103,0
DA:105,0
DA:108,0
DA:109,0
DA:115,0
DA:116,0
DA:119,0
DA:124,0
DA:125,0
DA:126,0
DA:129,0
DA:130,0
DA:131,0
DA:134,0
DA:135,0
DA:138,0
DA:143,0
DA:144,0
DA:146,0
DA:153,0
DA:155,0
DA:158,0
DA:159,0
DA:164,21
DA:165,21
DA:166,21
DA:167,21
DA:168,21
DA:169,21
DA:171,21
DA:172,3
DA:173,18
DA:174,3
DA:175,15
DA:176,3
DA:177,12
DA:178,3
DA:180,9
LF:72
LH:15
BRDA:36,0,0,0
BRDA:36,0,1,0
BRDA:41,1,0,0
BRDA:41,1,1,0
BRDA:57,2,0,0
BRDA:57,2,1,0
BRDA:57,3,0,0
BRDA:57,3,1,0
BRDA:61,4,0,0
BRDA:61,4,1,0
BRDA:67,5,0,0
BRDA:67,5,1,0
BRDA:67,6,0,0
BRDA:67,6,1,0
BRDA:78,7,0,0
BRDA:78,7,1,0
BRDA:78,8,0,0
BRDA:78,8,1,0
BRDA:82,9,0,0
BRDA:82,9,1,0
BRDA:82,10,0,0
BRDA:82,10,1,0
BRDA:84,11,0,0
BRDA:84,11,1,0
BRDA:86,12,0,0
BRDA:86,12,1,0
BRDA:95,13,0,0
BRDA:95,13,1,0
BRDA:96,14,0,0
BRDA:96,14,1,0
BRDA:97,15,0,0
BRDA:97,15,1,0
BRDA:124,16,0,0
BRDA:124,16,1,0
BRDA:129,17,0,0
BRDA:129,17,1,0
BRDA:129,18,0,0
BRDA:129,18,1,0
BRDA:143,19,0,0
BRDA:143,19,1,0
BRDA:153,20,0,0
BRDA:153,20,1,0
BRDA:155,21,0,0
BRDA:155,21,1,0
BRDA:171,22,0,3
BRDA:171,22,1,18
BRDA:173,23,0,3
BRDA:173,23,1,15
BRDA:175,24,0,3
BRDA:175,24,1,12
BRDA:177,25,0,3
BRDA:177,25,1,9
BRF:52
BRH:8
end_of_record
TN:
SF:services/compatibleProfileService.ts
FN:45,(anonymous_0)
FN:123,(anonymous_1)
FN:124,(anonymous_2)
FN:132,(anonymous_3)
FN:164,(anonymous_4)
FNF:5
FNH:5
FNDA:5,(anonymous_0)
FNDA:2,(anonymous_1)
FNDA:2,(anonymous_2)
FNDA:10,(anonymous_3)
FNDA:9,(anonymous_4)
DA:46,5
DA:48,5
DA:59,4
DA:60,1
DA:61,1
DA:65,3
DA:74,3
DA:84,3
DA:94,3
DA:95,2
DA:96,2
DA:97,2
DA:98,2
DA:99,2
DA:100,0
DA:104,3
DA:115,1
DA:116,1
DA:124,2
DA:125,2
DA:141,10
DA:143,10
DA:149,9
DA:150,1
DA:151,1
DA:154,8
DA:155,1
DA:164,7
DA:172,9
DA:183,7
DA:185,7
DA:187,7
DA:188,7
DA:189,7
DA:191,7
DA:199,2
DA:200,2
LF:37
LH:36
BRDA:59,0,0,1
BRDA:59,0,1,3
BRDA:94,1,0,2
BRDA:94,1,1,1
BRDA:99,2,0,0
BRDA:99,2,1,2
BRDA:99,3,0,2
BRDA:99,3,1,2
BRDA:99,3,2,1
BRDA:109,4,0,3
BRDA:109,4,1,2
BRDA:110,5,0,3
BRDA:110,5,1,2
BRDA:111,6,0,3
BRDA:111,6,1,2
BRDA:134,7,0,8
BRDA:149,8,0,1
BRDA:149,8,1,8
BRDA:154,9,0,1
BRDA:154,9,1,7
BRDA:154,10,0,8
BRDA:154,10,1,8
BRDA:187,11,0,7
BRDA:187,11,1,0
BRF:24
BRH:22
end_of_record
TN:
SF:services/conversationService.ts
FN:8,(anonymous_0)
FN:30,(anonymous_1)
FN:41,(anonymous_2)
FN:42,(anonymous_3)
FN:73,(anonymous_4)
FN:118,(anonymous_5)
FN:136,(anonymous_6)
FN:150,(anonymous_7)
FN:166,(anonymous_8)
FNF:9
FNH:1
FNDA:0,(anonymous_0)
FNDA:0,(anonymous_1)
FNDA:0,(anonymous_2)
FNDA:0,(anonymous_3)
FNDA:0,(anonymous_4)
FNDA:0,(anonymous_5)
FNDA:0,(anonymous_6)
FNDA:0,(anonymous_7)
FNDA:12,(anonymous_8)
DA:9,0
DA:10,0
DA:12,0
DA:18,0
DA:19,0
DA:20,0
DA:23,0
DA:25,0
DA:26,0
DA:30,0
DA:31,0
DA:36,0
DA:37,0
DA:41,0
DA:42,0
DA:43,0
DA:45,0
DA:46,0
DA:47,0
DA:48,0
DA:50,0
DA:53,0
DA:64,0
DA:67,0
DA:68,0
DA:74,0
DA:75,0
DA:77,0
DA:85,0
DA:91,0
DA:92,0
DA:93,0
DA:96,0
DA:99,0
DA:109,0
DA:112,0
DA:113,0
DA:119,0
DA:120,0
DA:126,0
DA:127,0
DA:131,0
DA:137,0
DA:138,0
DA:140,0
DA:151,0
DA:152,0
DA:157,0
DA:160,0
DA:161,0
DA:167,12
DA:168,12
DA:169,12
DA:170,12
DA:172,12
DA:173,3
DA:178,9
LF:57
LH:7
BRDA:18,0,0,0
BRDA:18,0,1,0
BRDA:23,1,0,0
BRDA:23,1,1,0
BRDA:25,2,0,0
BRDA:25,2,1,0
BRDA:25,3,0,0
BRDA:25,3,1,0
BRDA:36,4,0,0
BRDA:36,4,1,0
BRDA:45,5,0,0
BRDA:45,5,1,0
BRDA:47,6,0,0
BRDA:47,6,1,0
BRDA:47,7,0,0
BRDA:47,7,1,0
BRDA:47,7,2,0
BRDA:91,8,0,0
BRDA:91,8,1,0
BRDA:126,9,0,0
BRDA:126,9,1,0
BRDA:172,10,0,3
BRDA:172,10,1,9
BRF:23
BRH:2
end_of_record
TN:
SF:services/groupService.ts
FN:12,(anonymous_0)
FN:33,(anonymous_1)
FN:46,(anonymous_2)
FN:47,(anonymous_3)
FN:74,(anonymous_4)
FN:75,(anonymous_5)
FN:89,(anonymous_6)
FN:90,(anonymous_7)
FNF:8
FNH:8
FNDA:6,(anonymous_0)
FNDA:8,(anonymous_1)
FNDA:8,(anonymous_2)
FNDA:8,(anonymous_3)
FNDA:1,(anonymous_4)
FNDA:5,(anonymous_5)
FNDA:8,(anonymous_6)
FNDA:10,(anonymous_7)
DA:11,1
DA:13,6
DA:15,6
DA:17,6
DA:18,1
DA:22,5
DA:23,5
DA:26,0
DA:28,0
DA:34,8
DA:35,8
DA:40,8
DA:41,2
DA:42,2
DA:45,6
DA:46,8
DA:47,8
DA:49,6
DA:50,0
DA:53,6
DA:55,6
DA:58,6
DA:63,6
DA:64,1
DA:66,1
DA:67,5
DA:68,5
DA:69,5
DA:73,6
DA:74,4
DA:75,5
DA:77,4
DA:79,4
DA:80,4
DA:89,6
DA:90,10
DA:92,8
DA:97,8
DA:105,0
DA:106,0
DA:116,6
DA:117,6
DA:120,0
DA:121,0
LF:44
LH:37
BRDA:17,0,0,1
BRDA:17,0,1,5
BRDA:17,1,0,6
BRDA:17,1,1,5
BRDA:17,1,2,5
BRDA:40,2,0,2
BRDA:40,2,1,6
BRDA:40,3,0,8
BRDA:40,3,1,7
BRDA:40,3,2,7
BRDA:46,4,0,8
BRDA:46,4,1,8
BRDA:49,5,0,0
BRDA:49,5,1,6
BRDA:63,6,0,1
BRDA:63,6,1,5
BRDA:67,7,0,5
BRDA:67,7,1,0
BRDA:73,8,0,4
BRDA:73,8,1,2
BRDA:92,9,0,8
BRDA:92,9,1,0
BRDA:93,10,0,8
BRDA:93,10,1,8
BRDA:93,10,2,8
BRDA:105,11,0,0
BRDA:105,11,1,0
BRF:27
BRH:22
end_of_record
TN:
SF:services/gymService.ts
FN:7,(anonymous_0)
FN:21,(anonymous_1)
FN:57,(anonymous_2)
FN:87,(anonymous_3)
FN:106,(anonymous_4)
FN:132,(anonymous_5)
FN:171,(anonymous_6)
FNF:7
FNH:7
FNDA:45,(anonymous_0)
FNDA:25,(anonymous_1)
FNDA:1,(anonymous_2)
FNDA:19,(anonymous_3)
FNDA:10,(anonymous_4)
FNDA:9,(anonymous_5)
FNDA:4,(anonymous_6)
DA:8,45
DA:9,11
DA:12,34
DA:13,34
DA:14,0
DA:17,34
DA:22,25
DA:23,25
DA:24,8
DA:25,1
DA:26,1
DA:30,7
DA:35,6
DA:36,3
DA:40,3
DA:46,3
DA:47,1
DA:51,2
DA:56,2
DA:57,1
DA:58,1
DA:60,1
DA:61,1
DA:68,1
DA:69,1
DA:73,1
DA:74,1
DA:78,1
DA:79,1
DA:81,18
DA:82,18
DA:88,19
DA:89,19
DA:94,2
DA:95,1
DA:96,1
DA:99,1
DA:101,17
DA:102,17
DA:107,10
DA:108,10
DA:109,6
DA:112,4
DA:113,4
DA:119,4
DA:120,1
DA:121,1
DA:124,3
DA:126,0
DA:127,0
DA:133,9
DA:134,9
DA:135,9
DA:137,9
DA:138,3
DA:141,6
DA:142,6
DA:143,6
DA:145,6
DA:146,2
DA:149,4
DA:157,3
DA:158,1
DA:159,1
DA:162,2
DA:163,2
DA:166,4
DA:167,4
DA:172,4
DA:173,4
DA:174,1
DA:177,3
DA:178,3
DA:184,3
DA:185,1
DA:188,2
DA:189,2
DA:191,2
DA:192,2
DA:193,2
DA:199,2
DA:200,2
DA:204,2
DA:205,2
DA:206,1
DA:212,1
DA:213,1
DA:217,2
DA:219,0
DA:220,0
DA:225,3
LF:91
LH:86
BRDA:8,0,0,11
BRDA:8,0,1,34
BRDA:8,1,0,45
BRDA:8,1,1,36
BRDA:8,1,2,35
BRDA:8,1,3,34
BRDA:8,1,4,34
BRDA:13,2,0,0
BRDA:13,2,1,34
BRDA:13,3,0,34
BRDA:13,3,1,34
BRDA:13,3,2,34
BRDA:24,4,0,1
BRDA:24,4,1,7
BRDA:35,5,0,3
BRDA:35,5,1,3
BRDA:35,6,0,6
BRDA:35,6,1,6
BRDA:46,7,0,1
BRDA:46,7,1,2
BRDA:46,8,0,3
BRDA:46,8,1,3
BRDA:56,9,0,1
BRDA:56,9,1,1
BRDA:56,10,0,2
BRDA:56,10,1,2
BRDA:68,11,0,1
BRDA:68,11,1,0
BRDA:73,12,0,1
BRDA:73,12,1,0
BRDA:94,13,0,1
BRDA:94,13,1,1
BRDA:99,14,0,1
BRDA:99,14,1,0
BRDA:108,15,0,6
BRDA:108,15,1,4
BRDA:119,16,0,1
BRDA:119,16,1,3
BRDA:124,17,0,3
BRDA:124,17,1,0
BRDA:137,18,0,3
BRDA:137,18,1,6
BRDA:137,19,0,9
BRDA:137,19,1,8
BRDA:137,19,2,7
BRDA:145,20,0,2
BRDA:145,20,1,4
BRDA:145,21,0,6
BRDA:145,21,1,5
BRDA:157,22,0,1
BRDA:157,22,1,2
BRDA:173,23,0,1
BRDA:173,23,1,3
BRDA:184,24,0,1
BRDA:184,24,1,2
BRDA:184,25,0,3
BRDA:184,25,1,2
BRDA:192,26,0,2
BRDA:192,26,1,0
BRDA:199,27,0,2
BRDA:199,27,1,0
BRDA:199,28,0,2
BRDA:199,28,1,2
BRDA:205,29,0,1
BRDA:205,29,1,1
BRDA:212,30,0,1
BRDA:212,30,1,0
BRDA:212,31,0,1
BRDA:212,31,1,1
BRF:69
BRH:61
end_of_record
TN:
SF:services/hobbyService.ts
FN:7,(anonymous_0)
FN:28,(anonymous_1)
FN:46,(anonymous_2)
FN:59,(anonymous_3)
FN:73,(anonymous_4)
FNF:5
FNH:5
FNDA:2,(anonymous_0)
FNDA:1,(anonymous_1)
FNDA:1,(anonymous_2)
FNDA:1,(anonymous_3)
FNDA:5,(anonymous_4)
DA:8,2
DA:9,2
DA:10,2
DA:12,1
DA:17,1
DA:18,0
DA:19,0
DA:21,1
DA:23,0
DA:24,0
DA:29,1
DA:30,1
DA:32,1
DA:42,1
DA:43,1
DA:47,1
DA:48,1
DA:50,1
DA:56,1
DA:60,1
DA:61,1
DA:63,1
DA:69,1
DA:74,5
DA:80,5
DA:84,3
LF:26
LH:22
BRDA:10,0,0,1
BRDA:10,0,1,1
BRDA:17,1,0,0
BRDA:17,1,1,1
BRDA:21,2,0,1
BRDA:21,2,1,0
BRDA:28,3,0,0
BRDA:30,4,0,0
BRDA:30,4,1,1
BRDA:42,5,0,0
BRDA:42,5,1,1
BRDA:48,6,0,0
BRDA:48,6,1,1
BRDA:56,7,0,0
BRDA:56,7,1,1
BRDA:61,8,0,0
BRDA:61,8,1,1
BRDA:69,9,0,0
BRDA:69,9,1,1
BRDA:80,10,0,1
BRDA:80,10,1,4
BRDA:80,11,0,5
BRDA:80,11,1,4
BRF:23
BRH:14
end_of_record
TN:
SF:services/locationService.ts
FN:21,(anonymous_0)
FN:37,(anonymous_1)
FN:62,(anonymous_2)
FN:81,(anonymous_3)
FN:168,(anonymous_4)
FN:169,(anonymous_5)
FN:181,(anonymous_6)
FN:185,(anonymous_7)
FN:192,(anonymous_8)
FN:265,(anonymous_9)
FN:296,(anonymous_10)
FNF:11
FNH:6
FNDA:12,(anonymous_0)
FNDA:0,(anonymous_1)
FNDA:7,(anonymous_2)
FNDA:0,(anonymous_3)
FNDA:1,(anonymous_4)
FNDA:1,(anonymous_5)
FNDA:0,(anonymous_6)
FNDA:1,(anonymous_7)
FNDA:4,(anonymous_8)
FNDA:0,(anonymous_9)
FNDA:0,(anonymous_10)
DA:22,12
DA:24,12
DA:26,11
DA:27,7
DA:30,4
DA:32,2
DA:37,0
DA:40,2
DA:44,2
DA:46,2
DA:47,1
DA:52,1
DA:55,1
DA:57,1
DA:58,1
DA:63,7
DA:65,7
DA:66,7
DA:67,1
DA:74,6
DA:75,6
DA:76,1
DA:81,0
DA:84,1
DA:91,5
DA:98,3
DA:103,3
DA:104,1
DA:110,2
DA:113,2
DA:120,2
DA:121,2
DA:123,2
DA:124,2
DA:127,2
DA:128,1
DA:135,1
DA:146,2
DA:148,2
DA:149,2
DA:150,2
DA:151,1
DA:152,1
DA:153,1
DA:154,0
DA:155,0
DA:157,0
DA:161,2
DA:169,1
DA:170,1
DA:181,0
DA:185,1
DA:197,4
DA:200,4
DA:206,4
DA:210,4
DA:212,2
DA:213,2
DA:219,2
DA:220,0
DA:221,0
DA:224,2
DA:226,1
DA:227,1
DA:233,1
DA:235,1
DA:237,1
DA:238,1
DA:242,2
DA:243,2
DA:249,1
DA:250,0
DA:251,0
DA:254,1
DA:255,1
DA:259,3
DA:261,3
DA:266,0
DA:268,0
DA:271,0
DA:276,0
DA:277,0
DA:278,0
DA:281,0
DA:284,0
DA:287,0
DA:290,0
DA:291,0
DA:297,0
DA:299,0
DA:301,0
DA:307,0
DA:308,0
DA:309,0
DA:312,0
DA:313,0
DA:314,0
DA:317,0
DA:320,0
DA:326,0
DA:327,0
DA:328,0
DA:331,0
DA:332,0
DA:334,0
DA:335,0
DA:342,1
LF:107
LH:68
BRDA:26,0,0,7
BRDA:26,0,1,4
BRDA:30,1,0,2
BRDA:30,1,1,2
BRDA:46,2,0,1
BRDA:46,2,1,1
BRDA:66,3,0,1
BRDA:66,3,1,6
BRDA:75,4,0,1
BRDA:75,4,1,5
BRDA:103,5,0,1
BRDA:103,5,1,2
BRDA:113,6,0,2
BRDA:113,6,1,1
BRDA:113,6,2,1
BRDA:113,6,3,1
BRDA:113,6,4,1
BRDA:113,6,5,1
BRDA:121,7,0,2
BRDA:121,7,1,0
BRDA:124,8,0,2
BRDA:124,8,1,0
BRDA:127,9,0,1
BRDA:127,9,1,1
BRDA:127,10,0,2
BRDA:127,10,1,2
BRDA:149,11,0,2
BRDA:149,11,1,0
BRDA:150,12,0,1
BRDA:150,12,1,1
BRDA:152,13,0,1
BRDA:152,13,1,0
BRDA:154,14,0,0
BRDA:154,14,1,0
BRDA:210,15,0,2
BRDA:210,15,1,2
BRDA:219,16,0,0
BRDA:219,16,1,2
BRDA:224,17,0,1
BRDA:224,17,1,1
BRDA:224,18,0,2
BRDA:224,18,1,2
BRDA:233,19,0,0
BRDA:233,19,1,1
BRDA:249,20,0,0
BRDA:249,20,1,1
BRDA:276,21,0,0
BRDA:276,21,1,0
BRDA:307,22,0,0
BRDA:307,22,1,0
BRDA:307,23,0,0
BRDA:307,23,1,0
BRDA:312,24,0,0
BRDA:312,24,1,0
BRDA:326,25,0,0
BRDA:326,25,1,0
BRF:56
BRH:37
end_of_record
TN:
SF:services/matchService.ts
FN:26,(anonymous_0)
FN:85,(anonymous_1)
FN:117,(anonymous_2)
FN:149,(anonymous_3)
FN:228,(anonymous_4)
FN:249,(anonymous_5)
FN:278,(anonymous_6)
FN:335,(anonymous_7)
FNF:8
FNH:8
FNDA:9,(anonymous_0)
FNDA:4,(anonymous_1)
FNDA:4,(anonymous_2)
FNDA:48,(anonymous_3)
FNDA:4,(anonymous_4)
FNDA:1,(anonymous_5)
FNDA:5,(anonymous_6)
FNDA:5,(anonymous_7)
DA:27,9
DA:28,9
DA:31,9
DA:33,8
DA:34,2
DA:35,2
DA:42,6
DA:48,6
DA:49,1
DA:50,1
DA:56,5
DA:57,4
DA:58,4
DA:60,4
DA:67,1
DA:73,1
DA:74,1
DA:86,4
DA:87,4
DA:89,3
DA:90,1
DA:91,1
DA:94,2
DA:100,2
DA:101,1
DA:102,1
DA:105,1
DA:107,1
DA:108,1
DA:118,4
DA:119,4
DA:121,4
DA:122,1
DA:125,3
DA:132,1
DA:133,0
DA:134,0
DA:137,1
DA:139,2
DA:140,2
DA:156,48
DA:157,48
DA:159,6
DA:160,1
DA:169,5
DA:176,3
DA:177,0
DA:178,0
DA:187,3
DA:188,0
DA:197,3
DA:198,3
DA:199,3
DA:200,3
DA:201,3
DA:203,3
DA:211,44
DA:212,44
DA:229,4
DA:230,4
DA:232,3
DA:233,1
DA:234,1
DA:238,2
DA:243,2
DA:244,1
DA:245,1
DA:249,1
DA:266,1
DA:268,1
DA:269,1
DA:279,5
DA:280,5
DA:282,4
DA:283,1
DA:290,3
DA:297,3
DA:298,1
DA:299,1
DA:305,2
DA:306,1
DA:307,1
DA:309,1
DA:317,1
DA:322,1
DA:323,1
DA:336,5
DA:337,5
DA:339,4
DA:340,1
DA:347,3
DA:354,3
DA:355,1
DA:356,1
DA:362,2
DA:363,1
DA:364,1
DA:366,1
DA:373,1
DA:378,1
DA:379,1
LF:101
LH:96
BRDA:33,0,0,2
BRDA:33,0,1,6
BRDA:33,1,0,8
BRDA:33,1,1,7
BRDA:48,2,0,1
BRDA:48,2,1,5
BRDA:52,3,0,1
BRDA:52,3,1,0
BRDA:56,4,0,4
BRDA:56,4,1,1
BRDA:56,5,0,5
BRDA:56,5,1,5
BRDA:89,6,0,1
BRDA:89,6,1,2
BRDA:89,7,0,3
BRDA:89,7,1,3
BRDA:100,8,0,1
BRDA:100,8,1,1
BRDA:105,9,0,1
BRDA:105,9,1,0
BRDA:121,10,0,1
BRDA:121,10,1,3
BRDA:121,11,0,4
BRDA:121,11,1,4
BRDA:132,12,0,0
BRDA:132,12,1,1
BRDA:137,13,0,1
BRDA:137,13,1,1
BRDA:159,14,0,1
BRDA:159,14,1,5
BRDA:159,15,0,6
BRDA:159,15,1,6
BRDA:176,16,0,0
BRDA:176,16,1,3
BRDA:187,17,0,0
BRDA:187,17,1,3
BRDA:187,18,0,3
BRDA:187,18,1,3
BRDA:232,19,0,1
BRDA:232,19,1,2
BRDA:232,20,0,3
BRDA:232,20,1,3
BRDA:243,21,0,1
BRDA:243,21,1,1
BRDA:249,22,0,1
BRDA:249,22,1,0
BRDA:282,23,0,1
BRDA:282,23,1,3
BRDA:282,24,0,4
BRDA:282,24,1,4
BRDA:297,25,0,1
BRDA:297,25,1,2
BRDA:301,26,0,1
BRDA:301,26,1,0
BRDA:305,27,0,1
BRDA:305,27,1,1
BRDA:305,28,0,2
BRDA:305,28,1,2
BRDA:339,29,0,1
BRDA:339,29,1,3
BRDA:339,30,0,4
BRDA:339,30,1,4
BRDA:354,31,0,1
BRDA:354,31,1,2
BRDA:358,32,0,1
BRDA:358,32,1,0
BRDA:362,33,0,1
BRDA:362,33,1,1
BRDA:362,34,0,2
BRDA:362,34,1,2
BRF:70
BRH:62
end_of_record
TN:
SF:services/onboardingService.ts
FN:6,(anonymous_0)
FN:75,(anonymous_1)
FN:85,(anonymous_2)
FN:109,(anonymous_3)
FN:119,(anonymous_4)
FN:153,(anonymous_5)
FN:164,(anonymous_6)
FN:189,(anonymous_7)
FNF:8
FNH:8
FNDA:3,(anonymous_0)
FNDA:2,(anonymous_1)
FNDA:2,(anonymous_2)
FNDA:1,(anonymous_3)
FNDA:3,(anonymous_4)
FNDA:3,(anonymous_5)
FNDA:4,(anonymous_6)
FNDA:2,(anonymous_7)
DA:7,3
DA:8,3
DA:11,3
DA:12,3
DA:13,2
DA:14,2
DA:16,2
DA:22,2
DA:28,2
DA:29,1
DA:30,1
DA:33,1
DA:34,1
DA:35,1
DA:38,1
DA:44,3
DA:51,3
DA:53,3
DA:58,3
DA:59,0
DA:60,0
DA:63,3
DA:64,3
DA:66,0
DA:67,0
DA:76,2
DA:77,2
DA:79,2
DA:80,2
DA:81,1
DA:85,2
DA:91,1
DA:95,1
DA:97,1
DA:98,1
DA:100,1
DA:101,1
DA:110,1
DA:111,1
DA:113,1
DA:114,1
DA:115,0
DA:119,3
DA:125,1
DA:129,1
DA:132,1
DA:139,1
DA:141,1
DA:142,1
DA:144,0
DA:145,0
DA:154,3
DA:160,3
DA:165,4
DA:167,4
DA:168,0
DA:170,4
DA:171,4
DA:172,1
DA:176,4
DA:177,0
DA:178,4
DA:179,1
DA:182,4
DA:183,1
DA:186,4
DA:190,2
DA:192,2
DA:193,1
DA:196,2
DA:197,1
DA:200,2
DA:201,1
DA:204,2
LF:74
LH:65
BRDA:12,0,0,2
BRDA:12,0,1,1
BRDA:28,1,0,1
BRDA:28,1,1,1
BRDA:33,2,0,1
BRDA:33,2,1,0
BRDA:48,3,0,3
BRDA:48,3,1,1
BRDA:58,4,0,0
BRDA:58,4,1,3
BRDA:69,5,0,0
BRDA:69,5,1,0
BRDA:80,6,0,1
BRDA:80,6,1,1
BRDA:95,7,0,0
BRDA:95,7,1,1
BRDA:103,8,0,1
BRDA:103,8,1,0
BRDA:114,9,0,0
BRDA:114,9,1,1
BRDA:129,10,0,0
BRDA:129,10,1,1
BRDA:139,11,0,0
BRDA:139,11,1,1
BRDA:147,12,0,0
BRDA:147,12,1,0
BRDA:160,13,0,1
BRDA:160,13,1,2
BRDA:160,14,0,3
BRDA:160,14,1,2
BRDA:167,15,0,0
BRDA:167,15,1,4
BRDA:171,16,0,1
BRDA:171,16,1,3
BRDA:176,17,0,0
BRDA:176,17,1,4
BRDA:178,18,0,1
BRDA:178,18,1,3
BRDA:182,19,0,1
BRDA:182,19,1,3
BRDA:192,20,0,1
BRDA:192,20,1,1
BRDA:196,21,0,1
BRDA:196,21,1,1
BRDA:200,22,0,1
BRDA:200,22,1,1
BRF:46
BRH:33
end_of_record
TN:
SF:services/profileService.ts
FN:15,(anonymous_0)
FN:140,(anonymous_1)
FN:155,(anonymous_2)
FN:200,(anonymous_3)
FN:269,(anonymous_4)
FN:313,(anonymous_5)
FN:323,(anonymous_6)
FN:333,(anonymous_7)
FN:344,(anonymous_8)
FN:354,(anonymous_9)
FN:369,(anonymous_10)
FN:435,(anonymous_11)
FN:453,(anonymous_12)
FN:476,(anonymous_13)
FN:490,(anonymous_14)
FN:493,(anonymous_15)
FN:495,(anonymous_16)
FN:502,(anonymous_17)
FN:508,(anonymous_18)
FN:519,(anonymous_19)
FN:578,(anonymous_20)
FN:602,(anonymous_21)
FN:772,(anonymous_22)
FN:784,(anonymous_23)
FN:859,(anonymous_24)
FN:997,(anonymous_25)
FN:1008,(anonymous_26)
FN:1063,(anonymous_27)
FN:1100,(anonymous_28)
FN:1122,(anonymous_29)
FN:1152,(anonymous_30)
FNF:31
FNH:22
FNDA:3,(anonymous_0)
FNDA:2,(anonymous_1)
FNDA:1,(anonymous_2)
FNDA:1,(anonymous_3)
FNDA:2,(anonymous_4)
FNDA:2,(anonymous_5)
FNDA:1,(anonymous_6)
FNDA:1,(anonymous_7)
FNDA:1,(anonymous_8)
FNDA:18,(anonymous_9)
FNDA:4,(anonymous_10)
FNDA:2,(anonymous_11)
FNDA:1,(anonymous_12)
FNDA:7,(anonymous_13)
FNDA:7,(anonymous_14)
FNDA:0,(anonymous_15)
FNDA:0,(anonymous_16)
FNDA:0,(anonymous_17)
FNDA:0,(anonymous_18)
FNDA:0,(anonymous_19)
FNDA:0,(anonymous_20)
FNDA:3,(anonymous_21)
FNDA:3,(anonymous_22)
FNDA:0,(anonymous_23)
FNDA:0,(anonymous_24)
FNDA:0,(anonymous_25)
FNDA:2,(anonymous_26)
FNDA:1,(anonymous_27)
FNDA:1,(anonymous_28)
FNDA:2,(anonymous_29)
FNDA:2,(anonymous_30)
DA:11,5
DA:12,5
DA:16,3
DA:17,3
DA:18,3
DA:21,3
DA:25,0
DA:26,0
DA:29,3
DA:30,3
DA:33,3
DA:45,2
DA:46,1
DA:47,1
DA:50,1
DA:51,1
DA:52,1
DA:55,0
DA:70,0
DA:80,0
DA:81,0
DA:83,0
DA:87,0
DA:95,0
DA:96,0
DA:98,0
DA:102,0
DA:110,0
DA:111,0
DA:113,0
DA:117,0
DA:124,0
DA:134,0
DA:135,0
DA:137,0
DA:141,2
DA:151,2
DA:152,1
DA:156,1
DA:157,1
DA:160,1
DA:163,1
DA:164,1
DA:165,1
DA:168,1
DA:169,0
DA:171,0
DA:172,0
DA:178,0
DA:179,0
DA:181,0
DA:182,0
DA:184,0
DA:187,0
DA:188,0
DA:189,0
DA:190,0
DA:193,0
DA:200,1
DA:201,1
DA:202,1
DA:204,0
DA:208,1
DA:209,1
DA:212,1
DA:218,1
DA:219,1
DA:220,1
DA:223,0
DA:226,0
DA:227,0
DA:228,0
DA:232,0
DA:233,0
DA:240,0
DA:241,0
DA:242,0
DA:248,0
DA:251,0
DA:252,0
DA:253,0
DA:256,0
DA:259,0
DA:262,0
DA:263,0
DA:265,0
DA:270,2
DA:271,2
DA:274,2
DA:280,2
DA:286,2
DA:287,1
DA:288,1
DA:292,1
DA:297,1
DA:298,0
DA:299,0
DA:302,1
DA:305,1
DA:307,1
DA:308,1
DA:314,2
DA:320,2
DA:324,1
DA:330,1
DA:334,1
DA:340,1
DA:345,1
DA:350,1
DA:351,1
DA:355,18
DA:360,1
DA:361,1
DA:370,4
DA:371,4
DA:372,4
DA:375,4
DA:379,1
DA:382,3
DA:384,3
DA:389,3
DA:390,1
DA:391,1
DA:394,2
DA:395,0
DA:396,0
DA:399,2
DA:400,2
DA:403,2
DA:421,2
DA:422,2
DA:424,2
DA:426,0
DA:427,0
DA:436,2
DA:437,2
DA:438,2
DA:439,1
DA:443,1
DA:448,1
DA:449,0
DA:453,1
DA:456,1
DA:457,1
DA:458,1
DA:459,0
DA:460,0
DA:465,0
DA:469,1
DA:471,0
DA:477,7
DA:478,7
DA:480,7
DA:481,7
DA:482,7
DA:483,7
DA:486,7
DA:492,7
DA:493,0
DA:495,7
DA:496,0
DA:497,0
DA:503,0
DA:504,0
DA:509,0
DA:512,0
DA:515,0
DA:520,0
DA:523,0
DA:524,0
DA:525,0
DA:527,0
DA:529,0
DA:534,0
DA:535,0
DA:536,0
DA:539,0
DA:540,0
DA:541,0
DA:544,0
DA:545,0
DA:548,0
DA:566,0
DA:567,0
DA:568,0
DA:570,0
DA:572,0
DA:573,0
DA:582,0
DA:585,0
DA:588,0
DA:593,0
DA:595,0
DA:603,3
DA:605,3
DA:607,3
DA:608,3
DA:614,0
DA:615,0
DA:616,0
DA:619,0
DA:622,0
DA:623,0
DA:624,0
DA:625,0
DA:631,0
DA:632,0
DA:633,0
DA:635,0
DA:640,0
DA:641,0
DA:645,0
DA:646,0
DA:652,0
DA:653,0
DA:654,0
DA:656,0
DA:659,0
DA:663,0
DA:664,0
DA:668,0
DA:669,0
DA:675,0
DA:676,0
DA:677,0
DA:679,0
DA:682,0
DA:686,0
DA:687,0
DA:696,0
DA:697,0
DA:699,0
DA:703,0
DA:704,0
DA:712,0
DA:713,0
DA:715,0
DA:719,0
DA:720,0
DA:728,0
DA:729,0
DA:731,0
DA:735,0
DA:745,0
DA:758,0
DA:759,0
DA:760,0
DA:761,0
DA:763,0
DA:766,3
DA:767,3
DA:773,3
DA:776,3
DA:777,3
DA:780,3
DA:785,0
DA:787,0
DA:789,0
DA:795,0
DA:796,0
DA:797,0
DA:800,0
DA:803,0
DA:804,0
DA:809,0
DA:813,0
DA:814,0
DA:819,0
DA:823,0
DA:824,0
DA:829,0
DA:833,0
DA:841,0
DA:844,0
DA:851,0
DA:854,0
DA:860,0
DA:861,0
DA:862,0
DA:864,0
DA:866,0
DA:872,0
DA:873,0
DA:874,0
DA:876,0
DA:877,0
DA:878,0
DA:879,0
DA:882,0
DA:885,0
DA:886,0
DA:887,0
DA:893,0
DA:894,0
DA:896,0
DA:899,0
DA:903,0
DA:904,0
DA:905,0
DA:911,0
DA:912,0
DA:914,0
DA:917,0
DA:921,0
DA:922,0
DA:923,0
DA:929,0
DA:930,0
DA:932,0
DA:935,0
DA:939,0
DA:940,0
DA:949,0
DA:950,0
DA:952,0
DA:956,0
DA:957,0
DA:965,0
DA:966,0
DA:968,0
DA:972,0
DA:973,0
DA:981,0
DA:982,0
DA:984,0
DA:987,0
DA:988,0
DA:989,0
DA:992,0
DA:998,0
DA:1001,0
DA:1004,0
DA:1009,2
DA:1010,2
DA:1011,2
DA:1014,2
DA:1015,1
DA:1018,1
DA:1019,0
DA:1022,1
DA:1023,0
DA:1027,1
DA:1028,1
DA:1030,1
DA:1031,0
DA:1034,1
DA:1036,1
DA:1044,1
DA:1045,0
DA:1046,0
DA:1049,1
DA:1052,1
DA:1055,1
DA:1058,1
DA:1059,1
DA:1064,1
DA:1065,1
DA:1068,1
DA:1069,0
DA:1072,1
DA:1080,1
DA:1081,0
DA:1082,0
DA:1085,1
DA:1088,1
DA:1091,1
DA:1094,0
DA:1095,0
DA:1101,1
DA:1103,1
DA:1104,1
DA:1109,1
DA:1110,0
DA:1111,0
DA:1114,1
DA:1115,1
DA:1117,0
DA:1118,0
DA:1123,2
DA:1126,2
DA:1127,1
DA:1128,1
DA:1131,1
DA:1132,1
DA:1138,1
DA:1139,0
DA:1140,0
DA:1143,1
DA:1144,1
DA:1146,0
DA:1147,0
DA:1153,2
DA:1156,2
DA:1157,0
DA:1158,0
DA:1161,2
DA:1162,2
DA:1168,2
DA:1169,1
DA:1170,1
DA:1173,1
DA:1174,1
DA:1177,1
DA:1178,1
DA:1184,1
DA:1185,1
DA:1186,1
DA:1191,1
DA:1192,1
DA:1198,1
DA:1199,1
DA:1200,1
DA:1204,1
DA:1206,0
DA:1207,0
DA:1212,5
LF:416
LH:168
BRDA:15,0,0,3
BRDA:21,1,0,0
BRDA:21,1,1,3
BRDA:21,2,0,3
BRDA:21,2,1,3
BRDA:21,2,2,0
BRDA:21,2,3,0
BRDA:45,3,0,1
BRDA:45,3,1,1
BRDA:45,4,0,2
BRDA:45,4,1,2
BRDA:50,5,0,1
BRDA:50,5,1,0
BRDA:80,6,0,0
BRDA:80,6,1,0
BRDA:83,7,0,0
BRDA:83,7,1,0
BRDA:95,8,0,0
BRDA:95,8,1,0
BRDA:98,9,0,0
BRDA:98,9,1,0
BRDA:110,10,0,0
BRDA:110,10,1,0
BRDA:113,11,0,0
BRDA:113,11,1,0
BRDA:119,12,0,0
BRDA:119,12,1,0
BRDA:120,13,0,0
BRDA:120,13,1,0
BRDA:121,14,0,0
BRDA:121,14,1,0
BRDA:125,15,0,0
BRDA:125,15,1,0
BRDA:126,16,0,0
BRDA:126,16,1,0
BRDA:127,17,0,0
BRDA:127,17,1,0
BRDA:128,18,0,0
BRDA:128,18,1,0
BRDA:129,19,0,0
BRDA:129,19,1,0
BRDA:130,20,0,0
BRDA:130,20,1,0
BRDA:151,21,0,1
BRDA:151,21,1,1
BRDA:168,22,0,0
BRDA:168,22,1,1
BRDA:169,23,0,0
BRDA:169,23,1,0
BRDA:172,24,0,0
BRDA:172,24,1,0
BRDA:173,25,0,0
BRDA:173,25,1,0
BRDA:173,25,2,0
BRDA:179,26,0,0
BRDA:179,26,1,0
BRDA:182,27,0,0
BRDA:182,27,1,0
BRDA:188,28,0,0
BRDA:188,28,1,0
BRDA:202,29,0,0
BRDA:202,29,1,1
BRDA:202,30,0,1
BRDA:202,30,1,1
BRDA:218,31,0,1
BRDA:218,31,1,0
BRDA:226,32,0,0
BRDA:226,32,1,0
BRDA:240,33,0,0
BRDA:240,33,1,0
BRDA:251,34,0,0
BRDA:251,34,1,0
BRDA:286,35,0,1
BRDA:286,35,1,1
BRDA:297,36,0,0
BRDA:297,36,1,1
BRDA:320,37,0,1
BRDA:320,37,1,1
BRDA:330,38,0,0
BRDA:330,38,1,1
BRDA:340,39,0,0
BRDA:340,39,1,1
BRDA:350,40,0,0
BRDA:350,40,1,1
BRDA:351,41,0,1
BRDA:351,41,1,0
BRDA:360,42,0,0
BRDA:360,42,1,1
BRDA:361,43,0,1
BRDA:361,43,1,0
BRDA:369,44,0,4
BRDA:375,45,0,1
BRDA:375,45,1,3
BRDA:375,46,0,4
BRDA:375,46,1,4
BRDA:375,46,2,1
BRDA:375,46,3,1
BRDA:389,47,0,1
BRDA:389,47,1,2
BRDA:394,48,0,0
BRDA:394,48,1,2
BRDA:394,49,0,2
BRDA:394,49,1,2
BRDA:412,50,0,2
BRDA:412,50,1,1
BRDA:413,51,0,2
BRDA:413,51,1,1
BRDA:414,52,0,2
BRDA:414,52,1,1
BRDA:415,53,0,2
BRDA:415,53,1,1
BRDA:416,54,0,2
BRDA:416,54,1,1
BRDA:417,55,0,2
BRDA:417,55,1,1
BRDA:438,56,0,1
BRDA:438,56,1,1
BRDA:438,57,0,2
BRDA:438,57,1,1
BRDA:448,58,0,0
BRDA:448,58,1,1
BRDA:458,59,0,0
BRDA:458,59,1,1
BRDA:459,60,0,0
BRDA:459,60,1,0
BRDA:493,61,0,0
BRDA:493,61,1,0
BRDA:534,62,0,0
BRDA:534,62,1,0
BRDA:539,63,0,0
BRDA:539,63,1,0
BRDA:539,64,0,0
BRDA:539,64,1,0
BRDA:557,65,0,0
BRDA:557,65,1,0
BRDA:558,66,0,0
BRDA:558,66,1,0
BRDA:559,67,0,0
BRDA:559,67,1,0
BRDA:560,68,0,0
BRDA:560,68,1,0
BRDA:561,69,0,0
BRDA:561,69,1,0
BRDA:562,70,0,0
BRDA:562,70,1,0
BRDA:614,71,0,0
BRDA:614,71,1,0
BRDA:623,72,0,0
BRDA:623,72,1,0
BRDA:631,73,0,0
BRDA:631,73,1,0
BRDA:631,74,0,0
BRDA:631,74,1,0
BRDA:641,75,0,0
BRDA:641,75,1,0
BRDA:641,76,0,0
BRDA:641,76,1,0
BRDA:641,76,2,0
BRDA:641,76,3,0
BRDA:652,77,0,0
BRDA:652,77,1,0
BRDA:652,78,0,0
BRDA:652,78,1,0
BRDA:664,79,0,0
BRDA:664,79,1,0
BRDA:664,80,0,0
BRDA:664,80,1,0
BRDA:664,80,2,0
BRDA:664,80,3,0
BRDA:675,81,0,0
BRDA:675,81,1,0
BRDA:675,82,0,0
BRDA:675,82,1,0
BRDA:696,83,0,0
BRDA:696,83,1,0
BRDA:699,84,0,0
BRDA:699,84,1,0
BRDA:712,85,0,0
BRDA:712,85,1,0
BRDA:715,86,0,0
BRDA:715,86,1,0
BRDA:728,87,0,0
BRDA:728,87,1,0
BRDA:731,88,0,0
BRDA:731,88,1,0
BRDA:740,89,0,0
BRDA:740,89,1,0
BRDA:741,90,0,0
BRDA:741,90,1,0
BRDA:742,91,0,0
BRDA:742,91,1,0
BRDA:752,92,0,0
BRDA:752,92,1,0
BRDA:753,93,0,0
BRDA:753,93,1,0
BRDA:754,94,0,0
BRDA:754,94,1,0
BRDA:795,95,0,0
BRDA:795,95,1,0
BRDA:803,96,0,0
BRDA:803,96,1,0
BRDA:813,97,0,0
BRDA:813,97,1,0
BRDA:823,98,0,0
BRDA:823,98,1,0
BRDA:873,99,0,0
BRDA:873,99,1,0
BRDA:882,100,0,0
BRDA:882,100,1,0
BRDA:885,101,0,0
BRDA:885,101,1,0
BRDA:893,102,0,0
BRDA:893,102,1,0
BRDA:903,103,0,0
BRDA:903,103,1,0
BRDA:911,104,0,0
BRDA:911,104,1,0
BRDA:921,105,0,0
BRDA:921,105,1,0
BRDA:929,106,0,0
BRDA:929,106,1,0
BRDA:949,107,0,0
BRDA:949,107,1,0
BRDA:952,108,0,0
BRDA:952,108,1,0
BRDA:965,109,0,0
BRDA:965,109,1,0
BRDA:968,110,0,0
BRDA:968,110,1,0
BRDA:981,111,0,0
BRDA:981,111,1,0
BRDA:984,112,0,0
BRDA:984,112,1,0
BRDA:1014,113,0,1
BRDA:1014,113,1,1
BRDA:1014,114,0,2
BRDA:1014,114,1,1
BRDA:1014,114,2,1
BRDA:1014,114,3,1
BRDA:1018,115,0,0
BRDA:1018,115,1,1
BRDA:1018,116,0,1
BRDA:1018,116,1,1
BRDA:1018,116,2,1
BRDA:1018,116,3,1
BRDA:1022,117,0,0
BRDA:1022,117,1,1
BRDA:1022,118,0,1
BRDA:1022,118,1,1
BRDA:1022,118,2,1
BRDA:1022,118,3,1
BRDA:1030,119,0,0
BRDA:1030,119,1,1
BRDA:1030,120,0,1
BRDA:1030,120,1,1
BRDA:1044,121,0,0
BRDA:1044,121,1,1
BRDA:1068,122,0,0
BRDA:1068,122,1,1
BRDA:1068,123,0,1
BRDA:1068,123,1,1
BRDA:1068,123,2,1
BRDA:1068,123,3,1
BRDA:1080,124,0,0
BRDA:1080,124,1,1
BRDA:1109,125,0,0
BRDA:1109,125,1,1
BRDA:1114,126,0,1
BRDA:1114,126,1,0
BRDA:1115,127,0,1
BRDA:1115,127,1,0
BRDA:1126,128,0,1
BRDA:1126,128,1,1
BRDA:1126,129,0,2
BRDA:1126,129,1,1
BRDA:1126,129,2,1
BRDA:1126,129,3,1
BRDA:1138,130,0,0
BRDA:1138,130,1,1
BRDA:1143,131,0,1
BRDA:1143,131,1,0
BRDA:1144,132,0,1
BRDA:1144,132,1,0
BRDA:1156,133,0,0
BRDA:1156,133,1,2
BRDA:1156,134,0,2
BRDA:1156,134,1,2
BRDA:1156,134,2,2
BRDA:1156,134,3,2
BRDA:1168,135,0,1
BRDA:1168,135,1,1
BRDA:1168,136,0,2
BRDA:1168,136,1,1
BRDA:1177,137,0,1
BRDA:1177,137,1,0
BRDA:1177,138,0,1
BRDA:1177,138,1,1
BRDA:1177,138,2,1
BRDA:1184,139,0,1
BRDA:1184,139,1,0
BRDA:1184,140,0,1
BRDA:1184,140,1,1
BRDA:1191,141,0,1
BRDA:1191,141,1,0
BRDA:1191,142,0,1
BRDA:1191,142,1,1
BRDA:1191,142,2,1
BRDA:1198,143,0,1
BRDA:1198,143,1,0
BRDA:1198,144,0,1
BRDA:1198,144,1,1
BRF:311
BRH:118
end_of_record
TN:
SF:services/sentryMetricsService.ts
FN:33,(anonymous_0)
FN:37,(anonymous_1)
FN:45,(anonymous_2)
FN:63,(anonymous_3)
FN:76,(anonymous_4)
FN:91,(anonymous_5)
FN:105,(anonymous_6)
FN:123,(anonymous_7)
FN:148,(anonymous_8)
FN:167,(anonymous_9)
FN:190,(anonymous_10)
FN:203,(anonymous_11)
FN:210,(anonymous_12)
FN:225,(anonymous_13)
FNF:14
FNH:14
FNDA:29,(anonymous_0)
FNDA:31,(anonymous_1)
FNDA:8,(anonymous_2)
FNDA:7,(anonymous_3)
FNDA:9,(anonymous_4)
FNDA:3,(anonymous_5)
FNDA:3,(anonymous_6)
FNDA:3,(anonymous_7)
FNDA:3,(anonymous_8)
FNDA:4,(anonymous_9)
FNDA:2,(anonymous_10)
FNDA:2,(anonymous_11)
FNDA:3,(anonymous_12)
FNDA:1,(anonymous_13)
DA:28,29
DA:29,29
DA:30,29
DA:38,31
DA:39,29
DA:41,31
DA:46,8
DA:48,8
DA:49,8
DA:50,8
DA:51,8
DA:53,8
DA:55,8
DA:64,7
DA:66,7
DA:67,7
DA:68,7
DA:69,7
DA:70,7
DA:72,7
DA:77,9
DA:79,9
DA:80,9
DA:81,9
DA:83,9
DA:84,1
DA:87,9
DA:92,3
DA:98,3
DA:99,1
DA:100,1
DA:106,3
DA:116,3
DA:117,1
DA:118,1
DA:124,3
DA:136,3
DA:137,1
DA:138,1
DA:141,3
DA:142,1
DA:143,1
DA:149,3
DA:160,3
DA:161,1
DA:162,1
DA:168,4
DA:179,4
DA:180,2
DA:181,1
DA:182,1
DA:183,1
DA:185,2
DA:191,2
DA:202,2
DA:203,1
DA:204,2
DA:211,3
DA:218,3
DA:219,3
DA:221,3
DA:226,1
DA:227,1
DA:228,1
DA:230,1
DA:239,1
LF:66
LH:66
BRDA:38,0,0,29
BRDA:38,0,1,2
BRDA:83,1,0,1
BRDA:83,1,1,8
BRDA:98,2,0,1
BRDA:98,2,1,2
BRDA:116,3,0,1
BRDA:116,3,1,2
BRDA:136,4,0,1
BRDA:136,4,1,2
BRDA:141,5,0,1
BRDA:141,5,1,2
BRDA:160,6,0,1
BRDA:160,6,1,2
BRDA:179,7,0,2
BRDA:179,7,1,2
BRDA:180,8,0,1
BRDA:180,8,1,1
BRDA:182,9,0,1
BRDA:182,9,1,0
BRDA:202,10,0,1
BRDA:202,10,1,1
BRF:22
BRH:21
end_of_record
TN:
SF:services/socialMediaService.ts
FN:7,(anonymous_0)
FN:18,(anonymous_1)
FN:39,(anonymous_2)
FN:60,(anonymous_3)
FN:73,(anonymous_4)
FN:87,(anonymous_5)
FN:97,(anonymous_6)
FNF:7
FNH:7
FNDA:20,(anonymous_0)
FNDA:2,(anonymous_1)
FNDA:2,(anonymous_2)
FNDA:1,(anonymous_3)
FNDA:1,(anonymous_4)
FNDA:6,(anonymous_5)
FNDA:2,(anonymous_6)
DA:8,20
DA:13,3
DA:14,2
DA:19,2
DA:20,2
DA:21,2
DA:23,1
DA:28,1
DA:29,0
DA:30,0
DA:32,1
DA:34,0
DA:35,0
DA:40,2
DA:41,2
DA:44,2
DA:46,1
DA:56,1
DA:57,1
DA:61,1
DA:62,1
DA:64,1
DA:70,1
DA:74,1
DA:75,1
DA:77,1
DA:83,1
DA:88,6
DA:94,6
DA:98,2
DA:104,2
DA:105,2
DA:106,1
DA:111,4
LF:34
LH:30
BRDA:13,0,0,1
BRDA:13,0,1,2
BRDA:14,1,0,2
BRDA:14,1,1,1
BRDA:21,2,0,1
BRDA:21,2,1,1
BRDA:28,3,0,0
BRDA:28,3,1,1
BRDA:32,4,0,1
BRDA:32,4,1,0
BRDA:41,5,0,0
BRDA:41,5,1,2
BRDA:56,6,0,0
BRDA:56,6,1,1
BRDA:62,7,0,0
BRDA:62,7,1,1
BRDA:70,8,0,0
BRDA:70,8,1,1
BRDA:75,9,0,0
BRDA:75,9,1,1
BRDA:83,10,0,0
BRDA:83,10,1,1
BRDA:94,11,0,1
BRDA:94,11,1,5
BRDA:94,12,0,6
BRDA:94,12,1,5
BRDA:104,13,0,0
BRDA:104,13,1,2
BRDA:105,14,0,1
BRDA:105,14,1,1
BRDA:105,15,0,2
BRDA:105,15,1,2
BRF:32
BRH:23
end_of_record
TN:
SF:services/sportService.ts
FN:7,(anonymous_0)
FN:17,(anonymous_1)
FN:28,(anonymous_2)
FN:49,(anonymous_3)
FN:67,(anonymous_4)
FN:80,(anonymous_5)
FN:94,(anonymous_6)
FNF:7
FNH:6
FNDA:20,(anonymous_0)
FNDA:18,(anonymous_1)
FNDA:2,(anonymous_2)
FNDA:2,(anonymous_3)
FNDA:1,(anonymous_4)
FNDA:0,(anonymous_5)
FNDA:5,(anonymous_6)
DA:8,20
DA:13,3
DA:14,2
DA:18,18
DA:23,1
DA:24,1
DA:29,2
DA:30,2
DA:31,2
DA:33,1
DA:38,1
DA:39,0
DA:40,0
DA:42,1
DA:44,0
DA:45,0
DA:50,2
DA:51,2
DA:53,1
DA:63,1
DA:64,1
DA:68,1
DA:69,1
DA:71,1
DA:77,1
DA:81,0
DA:82,0
DA:84,0
DA:90,0
DA:95,5
DA:101,5
DA:105,4
LF:32
LH:24
BRDA:13,0,0,1
BRDA:13,0,1,2
BRDA:14,1,0,2
BRDA:14,1,1,1
BRDA:23,2,0,0
BRDA:23,2,1,1
BRDA:24,3,0,1
BRDA:24,3,1,0
BRDA:31,4,0,1
BRDA:31,4,1,1
BRDA:38,5,0,0
BRDA:38,5,1,1
BRDA:42,6,0,1
BRDA:42,6,1,0
BRDA:51,7,0,1
BRDA:51,7,1,1
BRDA:63,8,0,0
BRDA:63,8,1,1
BRDA:69,9,0,0
BRDA:69,9,1,1
BRDA:77,10,0,0
BRDA:77,10,1,1
BRDA:82,11,0,0
BRDA:82,11,1,0
BRDA:90,12,0,0
BRDA:90,12,1,0
BRDA:101,13,0,2
BRDA:101,13,1,3
BRDA:101,14,0,5
BRDA:101,14,1,3
BRF:30
BRH:19
end_of_record
TN:
SF:services/workoutService.ts
FN:5,(anonymous_0)
FN:31,(anonymous_1)
FN:42,(anonymous_2)
FN:52,(anonymous_3)
FN:66,(anonymous_4)
FN:75,(anonymous_5)
FN:76,(anonymous_6)
FN:91,(anonymous_7)
FN:115,(anonymous_8)
FN:138,(anonymous_9)
FN:173,(anonymous_10)
FN:209,(anonymous_11)
FN:211,(anonymous_12)
FN:214,(anonymous_13)
FNF:14
FNH:14
FNDA:2,(anonymous_0)
FNDA:2,(anonymous_1)
FNDA:1,(anonymous_2)
FNDA:9,(anonymous_3)
FNDA:6,(anonymous_4)
FNDA:6,(anonymous_5)
FNDA:6,(anonymous_6)
FNDA:1,(anonymous_7)
FNDA:3,(anonymous_8)
FNDA:2,(anonymous_9)
FNDA:2,(anonymous_10)
FNDA:3,(anonymous_11)
FNDA:2,(anonymous_12)
FNDA:3,(anonymous_13)
DA:4,1
DA:6,2
DA:8,2
DA:21,2
DA:24,1
DA:25,0
DA:28,1
DA:32,2
DA:39,2
DA:43,1
DA:49,1
DA:54,9
DA:59,9
DA:61,9
DA:62,4
DA:66,6
DA:67,5
DA:72,5
DA:75,5
DA:76,6
DA:77,6
DA:93,1
DA:102,1
DA:105,1
DA:107,1
DA:116,3
DA:117,3
DA:120,3
DA:129,3
DA:131,3
DA:132,1
DA:135,2
DA:138,2
DA:139,2
DA:140,2
DA:141,2
DA:142,2
DA:145,2
DA:146,2
DA:147,2
DA:149,2
DA:150,0
DA:159,0
DA:162,2
DA:164,0
DA:165,0
DA:169,2
DA:172,2
DA:174,2
DA:175,2
DA:178,2
DA:187,2
DA:189,0
DA:190,0
DA:202,2
DA:204,0
DA:205,0
DA:210,3
DA:211,3
DA:216,3
DA:222,3
DA:223,2
DA:224,1
DA:227,1
DA:232,1
LF:65
LH:56
BRDA:21,0,0,1
BRDA:21,0,1,1
BRDA:24,1,0,0
BRDA:24,1,1,1
BRDA:39,2,0,1
BRDA:39,2,1,1
BRDA:49,3,0,0
BRDA:49,3,1,1
BRDA:59,4,0,0
BRDA:59,4,1,9
BRDA:61,5,0,4
BRDA:61,5,1,5
BRDA:61,6,0,9
BRDA:61,6,1,9
BRDA:72,7,0,0
BRDA:72,7,1,5
BRDA:80,8,0,5
BRDA:80,8,1,1
BRDA:81,9,0,5
BRDA:81,9,1,0
BRDA:82,10,0,5
BRDA:82,10,1,0
BRDA:102,11,0,0
BRDA:102,11,1,1
BRDA:129,12,0,0
BRDA:129,12,1,3
BRDA:131,13,0,1
BRDA:131,13,1,2
BRDA:131,14,0,3
BRDA:131,14,1,3
BRDA:142,15,0,2
BRDA:142,15,1,0
BRDA:145,16,0,2
BRDA:145,16,1,2
BRDA:145,16,2,2
BRDA:145,16,3,2
BRDA:146,17,0,2
BRDA:146,17,1,2
BRDA:146,17,2,2
BRDA:146,17,3,2
BRDA:147,18,0,2
BRDA:147,18,1,2
BRDA:147,18,2,2
BRDA:147,18,3,2
BRDA:149,19,0,0
BRDA:149,19,1,2
BRDA:149,20,0,2
BRDA:149,20,1,2
BRDA:149,20,2,2
BRDA:182,21,0,2
BRDA:182,21,1,0
BRDA:194,22,0,0
BRDA:194,22,1,0
BRDA:222,23,0,1
BRDA:222,23,1,2
BRDA:223,24,0,1
BRDA:223,24,1,1
BRDA:223,25,0,2
BRDA:223,25,1,2
BRDA:232,26,0,0
BRDA:232,26,1,1
BRF:61
BRH:47
end_of_record
TN:
SF:stores/authStore.ts
FN:41,(anonymous_0)
FN:50,(anonymous_1)
FN:57,(anonymous_2)
FN:61,(anonymous_3)
FN:65,(anonymous_4)
FN:69,(anonymous_5)
FN:75,(anonymous_6)
FN:81,(anonymous_7)
FN:102,(anonymous_8)
FN:124,(anonymous_9)
FN:143,(anonymous_10)
FN:173,(anonymous_11)
FN:186,(anonymous_12)
FN:210,(anonymous_13)
FN:233,(anonymous_14)
FN:243,(anonymous_15)
FN:245,(anonymous_16)
FN:256,(anonymous_17)
FN:275,(anonymous_18)
FN:276,(anonymous_19)
FN:280,(anonymous_20)
FN:281,(anonymous_21)
FN:284,(anonymous_22)
FN:285,(anonymous_23)
FN:288,(anonymous_24)
FN:289,(anonymous_25)
FNF:26
FNH:25
FNDA:1,(anonymous_0)
FNDA:48,(anonymous_1)
FNDA:47,(anonymous_2)
FNDA:47,(anonymous_3)
FNDA:45,(anonymous_4)
FNDA:45,(anonymous_5)
FNDA:2,(anonymous_6)
FNDA:5,(anonymous_7)
FNDA:2,(anonymous_8)
FNDA:3,(anonymous_9)
FNDA:3,(anonymous_10)
FNDA:3,(anonymous_11)
FNDA:6,(anonymous_12)
FNDA:0,(anonymous_13)
FNDA:3,(anonymous_14)
FNDA:1,(anonymous_15)
FNDA:264,(anonymous_16)
FNDA:1,(anonymous_17)
FNDA:2,(anonymous_18)
FNDA:6,(anonymous_19)
FNDA:2,(anonymous_20)
FNDA:6,(anonymous_21)
FNDA:2,(anonymous_22)
FNDA:6,(anonymous_23)
FNDA:2,(anonymous_24)
FNDA:7,(anonymous_25)
DA:39,1
DA:41,1
DA:51,48
DA:52,48
DA:58,47
DA:59,47
DA:62,47
DA:63,47
DA:66,45
DA:67,45
DA:70,45
DA:71,45
DA:76,2
DA:77,2
DA:82,5
DA:83,5
DA:84,5
DA:86,5
DA:91,4
DA:92,1
DA:93,1
DA:94,1
DA:97,3
DA:100,3
DA:102,2
DA:104,2
DA:110,2
DA:112,1
DA:115,3
DA:117,1
DA:118,1
DA:119,1
DA:125,3
DA:126,3
DA:127,3
DA:128,3
DA:132,2
DA:133,2
DA:135,1
DA:136,1
DA:138,3
DA:144,3
DA:145,3
DA:147,3
DA:148,2
DA:149,1
DA:150,1
DA:151,1
DA:155,1
DA:162,1
DA:164,1
DA:166,1
DA:167,1
DA:168,1
DA:174,3
DA:175,3
DA:176,3
DA:177,2
DA:178,2
DA:180,1
DA:181,1
DA:187,6
DA:188,6
DA:189,6
DA:192,6
DA:194,5
DA:195,1
DA:197,4
DA:198,4
DA:209,5
DA:211,0
DA:214,0
DA:223,5
DA:225,5
DA:227,1
DA:228,1
DA:234,3
DA:235,3
DA:236,3
DA:237,2
DA:243,1
DA:245,264
DA:256,1
DA:257,1
DA:258,1
DA:275,1
DA:276,6
DA:277,2
DA:280,1
DA:281,6
DA:284,1
DA:285,6
DA:288,1
DA:289,7
LF:94
LH:92
BRDA:51,0,0,4
BRDA:51,0,1,44
BRDA:58,1,0,3
BRDA:58,1,1,44
BRDA:91,2,0,1
BRDA:91,2,1,3
BRDA:100,3,0,2
BRDA:100,3,1,1
BRDA:100,4,0,3
BRDA:100,4,1,3
BRDA:132,5,0,1
BRDA:132,5,1,1
BRDA:148,6,0,1
BRDA:148,6,1,1
BRDA:177,7,0,1
BRDA:177,7,1,1
BRDA:194,8,0,1
BRDA:194,8,1,4
BRDA:197,9,0,2
BRDA:197,9,1,2
BRDA:200,10,0,4
BRDA:200,10,1,2
BRDA:204,11,0,2
BRDA:204,11,1,2
BRDA:216,12,0,0
BRDA:216,12,1,0
BRDA:236,13,0,2
BRDA:236,13,1,1
BRF:28
BRH:26
end_of_record
TN:
SF:stores/matchRefreshStore.ts
FN:8,(anonymous_0)
FN:10,(anonymous_1)
FN:10,(anonymous_2)
FNF:3
FNH:3
FNDA:3,(anonymous_0)
FNDA:1355,(anonymous_1)
FNDA:1355,(anonymous_2)
DA:8,3
DA:10,1355
LF:2
LH:2
BRF:0
BRH:0
end_of_record
TN:
SF:stores/profileStore.ts
FN:17,(anonymous_0)
FN:40,(anonymous_1)
FN:41,(anonymous_2)
FN:57,(anonymous_3)
FN:112,(anonymous_4)
FN:112,(anonymous_5)
FN:113,(anonymous_6)
FN:113,(anonymous_7)
FN:114,(anonymous_8)
FN:114,(anonymous_9)
FN:115,(anonymous_10)
FN:115,(anonymous_11)
FN:116,(anonymous_12)
FN:116,(anonymous_13)
FN:119,(anonymous_14)
FN:119,(anonymous_15)
FN:120,(anonymous_16)
FN:120,(anonymous_17)
FN:121,(anonymous_18)
FN:121,(anonymous_19)
FN:122,(anonymous_20)
FN:122,(anonymous_21)
FN:123,(anonymous_22)
FN:123,(anonymous_23)
FN:124,(anonymous_24)
FN:124,(anonymous_25)
FN:127,(anonymous_26)
FN:128,(anonymous_27)
FN:132,(anonymous_28)
FN:133,(anonymous_29)
FN:134,(anonymous_30)
FN:140,(anonymous_31)
FN:141,(anonymous_32)
FN:145,(anonymous_33)
FN:146,(anonymous_34)
FNF:35
FNH:26
FNDA:2,(anonymous_0)
FNDA:2,(anonymous_1)
FNDA:320,(anonymous_2)
FNDA:1,(anonymous_3)
FNDA:1,(anonymous_4)
FNDA:3,(anonymous_5)
FNDA:1,(anonymous_6)
FNDA:3,(anonymous_7)
FNDA:1,(anonymous_8)
FNDA:3,(anonymous_9)
FNDA:1,(anonymous_10)
FNDA:3,(anonymous_11)
FNDA:1,(anonymous_12)
FNDA:3,(anonymous_13)
FNDA:1,(anonymous_14)
FNDA:3,(anonymous_15)
FNDA:1,(anonymous_16)
FNDA:3,(anonymous_17)
FNDA:1,(anonymous_18)
FNDA:3,(anonymous_19)
FNDA:1,(anonymous_20)
FNDA:3,(anonymous_21)
FNDA:1,(anonymous_22)
FNDA:3,(anonymous_23)
FNDA:1,(anonymous_24)
FNDA:3,(anonymous_25)
FNDA:0,(anonymous_26)
FNDA:0,(anonymous_27)
FNDA:0,(anonymous_28)
FNDA:0,(anonymous_29)
FNDA:0,(anonymous_30)
FNDA:0,(anonymous_31)
FNDA:0,(anonymous_32)
FNDA:0,(anonymous_33)
FNDA:0,(anonymous_34)
DA:15,2
DA:17,2
DA:40,2
DA:41,320
DA:57,2
DA:58,1
DA:60,1
DA:112,3
DA:113,3
DA:114,3
DA:115,3
DA:116,3
DA:119,3
DA:120,3
DA:121,3
DA:122,3
DA:123,3
DA:124,3
DA:127,2
DA:128,0
DA:129,0
DA:130,0
DA:132,0
DA:133,0
DA:134,0
DA:140,2
DA:141,0
DA:145,2
DA:146,0
LF:29
LH:21
BRDA:129,0,0,0
BRDA:129,0,1,0
BRDA:141,1,0,0
BRDA:141,1,1,0
BRDA:146,2,0,0
BRDA:146,2,1,0
BRF:6
BRH:0
end_of_record
TN:
SF:stores/profile/dataActions.ts
FN:19,(anonymous_0)
FN:20,(anonymous_1)
FN:32,(anonymous_2)
FN:46,(anonymous_3)
FN:57,(anonymous_4)
FN:68,(anonymous_5)
FN:79,(anonymous_6)
FN:90,(anonymous_7)
FN:111,(anonymous_8)
FN:144,(anonymous_9)
FN:172,(anonymous_10)
FNF:11
FNH:11
FNDA:24,(anonymous_0)
FNDA:5,(anonymous_1)
FNDA:3,(anonymous_2)
FNDA:3,(anonymous_3)
FNDA:4,(anonymous_4)
FNDA:3,(anonymous_5)
FNDA:3,(anonymous_6)
FNDA:24,(anonymous_7)
FNDA:22,(anonymous_8)
FNDA:28,(anonymous_9)
FNDA:1,(anonymous_10)
DA:19,24
DA:21,5
DA:22,5
DA:23,3
DA:24,3
DA:26,2
DA:27,2
DA:28,2
DA:33,3
DA:34,3
DA:38,2
DA:39,2
DA:41,1
DA:42,1
DA:47,3
DA:48,3
DA:49,1
DA:50,1
DA:52,2
DA:53,2
DA:58,4
DA:59,4
DA:60,3
DA:61,3
DA:63,1
DA:64,1
DA:69,3
DA:70,3
DA:71,2
DA:72,2
DA:74,1
DA:75,1
DA:80,3
DA:81,3
DA:82,2
DA:83,2
DA:85,1
DA:86,1
DA:91,24
DA:92,24
DA:94,24
DA:95,1
DA:98,23
DA:103,23
DA:104,1
DA:107,22
DA:108,22
DA:111,22
DA:112,22
DA:113,22
DA:114,0
DA:115,0
DA:116,0
DA:117,0
DA:118,0
DA:119,0
DA:123,22
DA:127,22
DA:137,21
DA:139,21
DA:140,0
DA:143,21
DA:144,28
DA:146,21
DA:147,19
DA:150,2
DA:159,2
DA:160,2
DA:163,20
DA:164,20
DA:173,1
LF:71
LH:64
BRDA:34,0,0,2
BRDA:34,0,1,1
BRDA:94,1,0,1
BRDA:94,1,1,23
BRDA:98,2,0,23
BRDA:98,2,1,1
BRDA:98,2,2,1
BRDA:98,2,3,1
BRDA:103,3,0,1
BRDA:103,3,1,22
BRDA:103,4,0,23
BRDA:103,4,1,18
BRDA:114,5,0,0
BRDA:114,5,1,0
BRDA:117,6,0,0
BRDA:117,6,1,0
BRDA:139,7,0,0
BRDA:139,7,1,21
BRDA:146,8,0,19
BRDA:146,8,1,2
BRDA:151,9,0,2
BRDA:151,9,1,0
BRDA:152,10,0,2
BRDA:152,10,1,0
BRDA:153,11,0,2
BRDA:153,11,1,0
BRDA:154,12,0,2
BRDA:154,12,1,0
BRDA:155,13,0,2
BRDA:155,13,1,0
BRDA:156,14,0,2
BRDA:156,14,1,0
BRF:32
BRH:21
end_of_record
TN:
SF:stores/profile/hobbyActions.ts
FN:11,(anonymous_0)
FN:12,(anonymous_1)
FN:22,(anonymous_2)
FN:45,(anonymous_3)
FN:59,(anonymous_4)
FN:71,(anonymous_5)
FN:80,(anonymous_6)
FN:88,(anonymous_7)
FN:99,(anonymous_8)
FNF:9
FNH:9
FNDA:22,(anonymous_0)
FNDA:11,(anonymous_1)
FNDA:5,(anonymous_2)
FNDA:6,(anonymous_3)
FNDA:4,(anonymous_4)
FNDA:8,(anonymous_5)
FNDA:11,(anonymous_6)
FNDA:6,(anonymous_7)
FNDA:7,(anonymous_8)
DA:11,22
DA:13,11
DA:14,11
DA:16,11
DA:17,11
DA:18,1
DA:21,10
DA:22,5
DA:23,2
DA:24,1
DA:28,9
DA:30,7
DA:38,7
DA:41,4
DA:46,6
DA:47,6
DA:49,6
DA:50,6
DA:51,1
DA:54,5
DA:56,4
DA:59,4
DA:64,4
DA:67,2
DA:72,8
DA:73,8
DA:75,8
DA:76,8
DA:77,1
DA:80,11
DA:81,7
DA:82,2
DA:85,5
DA:87,5
DA:88,6
DA:89,2
DA:90,1
DA:94,4
DA:96,3
DA:100,7
DA:106,3
DA:109,5
LF:42
LH:42
BRDA:12,0,0,8
BRDA:17,1,0,1
BRDA:17,1,1,10
BRDA:21,2,0,2
BRDA:21,2,1,8
BRDA:22,3,0,2
BRDA:22,3,1,0
BRDA:23,4,0,1
BRDA:23,4,1,1
BRDA:33,5,0,7
BRDA:33,5,1,1
BRDA:50,6,0,1
BRDA:50,6,1,5
BRDA:59,7,0,4
BRDA:59,7,1,0
BRDA:76,8,0,1
BRDA:76,8,1,7
BRDA:81,9,0,2
BRDA:81,9,1,5
BRDA:87,10,0,2
BRDA:87,10,1,3
BRDA:88,11,0,2
BRDA:88,11,1,0
BRDA:88,12,0,6
BRDA:88,12,1,4
BRDA:89,13,0,1
BRDA:89,13,1,1
BRDA:99,14,0,3
BRDA:99,14,1,0
BRDA:100,15,0,3
BRDA:100,15,1,4
BRF:31
BRH:27
end_of_record
TN:
SF:stores/profile/profileActions.ts
FN:25,(anonymous_0)
FN:26,(anonymous_1)
FN:27,(anonymous_2)
FN:28,(anonymous_3)
FN:29,(anonymous_4)
FN:30,(anonymous_5)
FN:32,(anonymous_6)
FN:81,(anonymous_7)
FN:134,(anonymous_8)
FN:182,(anonymous_9)
FN:206,(anonymous_10)
FNF:11
FNH:11
FNDA:34,(anonymous_0)
FNDA:71,(anonymous_1)
FNDA:58,(anonymous_2)
FNDA:58,(anonymous_3)
FNDA:58,(anonymous_4)
FNDA:2,(anonymous_5)
FNDA:26,(anonymous_6)
FNDA:13,(anonymous_7)
FNDA:2,(anonymous_8)
FNDA:5,(anonymous_9)
FNDA:5,(anonymous_10)
DA:25,34
DA:26,71
DA:27,58
DA:28,58
DA:29,58
DA:30,2
DA:33,26
DA:34,26
DA:36,26
DA:37,1
DA:38,1
DA:41,25
DA:42,6
DA:43,1
DA:44,1
DA:47,5
DA:48,5
DA:51,5
DA:53,4
DA:54,3
DA:55,3
DA:67,3
DA:69,1
DA:70,1
DA:73,4
DA:75,20
DA:76,20
DA:77,20
DA:82,13
DA:83,13
DA:85,13
DA:86,1
DA:87,1
DA:90,12
DA:91,11
DA:92,1
DA:95,10
DA:96,10
DA:99,10
DA:101,5
DA:104,5
DA:105,5
DA:107,5
DA:108,5
DA:109,5
DA:121,5
DA:123,0
DA:126,5
DA:128,6
DA:129,6
DA:130,6
DA:135,2
DA:136,2
DA:138,2
DA:139,0
DA:140,0
DA:143,2
DA:144,0
DA:145,0
DA:148,0
DA:149,0
DA:152,0
DA:154,0
DA:157,0
DA:158,0
DA:160,0
DA:161,0
DA:162,0
DA:169,0
DA:171,0
DA:174,0
DA:176,2
DA:177,2
DA:178,2
DA:183,5
DA:184,5
DA:186,5
DA:187,5
DA:188,2
DA:191,3
DA:193,3
DA:196,2
DA:198,2
DA:199,2
DA:202,3
DA:207,5
DA:209,5
DA:210,5
DA:211,3
DA:214,5
DA:220,5
LF:91
LH:74
BRDA:36,0,0,1
BRDA:36,0,1,25
BRDA:42,1,0,1
BRDA:42,1,1,5
BRDA:53,2,0,3
BRDA:53,2,1,1
BRDA:62,3,0,3
BRDA:62,3,1,3
BRDA:63,4,0,3
BRDA:63,4,1,3
BRDA:64,5,0,3
BRDA:64,5,1,3
BRDA:85,6,0,1
BRDA:85,6,1,12
BRDA:91,7,0,1
BRDA:91,7,1,10
BRDA:107,8,0,5
BRDA:107,8,1,0
BRDA:116,9,0,5
BRDA:116,9,1,5
BRDA:117,10,0,5
BRDA:117,10,1,5
BRDA:118,11,0,5
BRDA:118,11,1,5
BRDA:138,12,0,0
BRDA:138,12,1,2
BRDA:144,13,0,0
BRDA:144,13,1,0
BRDA:160,14,0,0
BRDA:160,14,1,0
BRDA:187,15,0,2
BRDA:187,15,1,3
BRDA:210,16,0,3
BRDA:210,16,1,2
BRF:34
BRH:28
end_of_record
TN:
SF:stores/profile/socialMediaActions.ts
FN:11,(anonymous_0)
FN:12,(anonymous_1)
FN:38,(anonymous_2)
FN:52,(anonymous_3)
FN:66,(anonymous_4)
FN:80,(anonymous_5)
FNF:6
FNH:6
FNDA:23,(anonymous_0)
FNDA:11,(anonymous_1)
FNDA:7,(anonymous_2)
FNDA:8,(anonymous_3)
FNDA:8,(anonymous_4)
FNDA:8,(anonymous_5)
DA:11,23
DA:13,11
DA:14,11
DA:16,11
DA:17,11
DA:18,1
DA:21,10
DA:23,8
DA:31,8
DA:34,3
DA:39,7
DA:40,7
DA:42,7
DA:43,7
DA:44,1
DA:47,6
DA:49,5
DA:53,8
DA:59,5
DA:62,2
DA:67,8
DA:68,8
DA:70,8
DA:71,8
DA:72,1
DA:75,7
DA:77,6
DA:80,8
DA:85,6
DA:88,2
LF:30
LH:30
BRDA:17,0,0,1
BRDA:17,0,1,10
BRDA:26,1,0,8
BRDA:26,1,1,1
BRDA:43,2,0,1
BRDA:43,2,1,6
BRDA:52,3,0,5
BRDA:52,3,1,0
BRDA:53,4,0,3
BRDA:53,4,1,5
BRDA:71,5,0,1
BRDA:71,5,1,7
BRDA:80,6,0,6
BRDA:80,6,1,0
BRF:14
BRH:12
end_of_record
TN:
SF:stores/profile/sportActions.ts
FN:10,(anonymous_0)
FN:11,(anonymous_1)
FN:37,(anonymous_2)
FN:51,(anonymous_3)
FNF:4
FNH:4
FNDA:24,(anonymous_0)
FNDA:18,(anonymous_1)
FNDA:8,(anonymous_2)
FNDA:8,(anonymous_3)
DA:10,24
DA:12,18
DA:13,18
DA:15,18
DA:16,18
DA:17,1
DA:20,17
DA:22,15
DA:30,15
DA:33,3
DA:38,8
DA:39,8
DA:41,8
DA:42,8
DA:43,1
DA:46,7
DA:48,6
DA:51,8
DA:56,6
DA:59,2
LF:20
LH:20
BRDA:16,0,0,1
BRDA:16,0,1,17
BRDA:25,1,0,15
BRDA:25,1,1,1
BRDA:42,2,0,1
BRDA:42,2,1,7
BRDA:51,3,0,6
BRDA:51,3,1,0
BRF:8
BRH:7
end_of_record
